  [1m[35m (0.3ms)[0m  [1m[35mSET NAMES utf8,  @@SESSION.sql_mode = CONCAT(CONCAT(@@sql_mode, ',STRICT_ALL_TABLES'), ',NO_AUTO_VALUE_ON_ZERO'),  @@SESSION.sql_auto_is_null = 0, @@SESSION.wait_timeout = 2147483[0m
  [1m[35m (0.2ms)[0m  [1m[35mSET NAMES utf8,  @@SESSION.sql_mode = CONCAT(CONCAT(@@sql_mode, ',STRICT_ALL_TABLES'), ',NO_AUTO_VALUE_ON_ZERO'),  @@SESSION.sql_auto_is_null = 0, @@SESSION.wait_timeout = 2147483[0m
  [1m[35m (0.2ms)[0m  [1m[35mSET NAMES utf8,  @@SESSION.sql_mode = CONCAT(CONCAT(@@sql_mode, ',STRICT_ALL_TABLES'), ',NO_AUTO_VALUE_ON_ZERO'),  @@SESSION.sql_auto_is_null = 0, @@SESSION.wait_timeout = 2147483[0m
  [1m[35m (0.2ms)[0m  [1m[35mSET NAMES utf8,  @@SESSION.sql_mode = CONCAT(CONCAT(@@sql_mode, ',STRICT_ALL_TABLES'), ',NO_AUTO_VALUE_ON_ZERO'),  @@SESSION.sql_auto_is_null = 0, @@SESSION.wait_timeout = 2147483[0m
  [1m[35m (0.2ms)[0m  [1m[35mSET NAMES utf8,  @@SESSION.sql_mode = CONCAT(CONCAT(@@sql_mode, ',STRICT_ALL_TABLES'), ',NO_AUTO_VALUE_ON_ZERO'),  @@SESSION.sql_auto_is_null = 0, @@SESSION.wait_timeout = 2147483[0m
  [1m[35m (0.2ms)[0m  [1m[35mSET NAMES utf8,  @@SESSION.sql_mode = CONCAT(CONCAT(@@sql_mode, ',STRICT_ALL_TABLES'), ',NO_AUTO_VALUE_ON_ZERO'),  @@SESSION.sql_auto_is_null = 0, @@SESSION.wait_timeout = 2147483[0m
  [1m[35m (0.3ms)[0m  [1m[35mSET NAMES utf8,  @@SESSION.sql_mode = CONCAT(CONCAT(@@sql_mode, ',STRICT_ALL_TABLES'), ',NO_AUTO_VALUE_ON_ZERO'),  @@SESSION.sql_auto_is_null = 0, @@SESSION.wait_timeout = 2147483[0m
  [1m[35m (0.2ms)[0m  [1m[35mSET NAMES utf8,  @@SESSION.sql_mode = CONCAT(CONCAT(@@sql_mode, ',STRICT_ALL_TABLES'), ',NO_AUTO_VALUE_ON_ZERO'),  @@SESSION.sql_auto_is_null = 0, @@SESSION.wait_timeout = 2147483[0m
  [1m[35m (0.2ms)[0m  [1m[35mSET NAMES utf8,  @@SESSION.sql_mode = CONCAT(CONCAT(@@sql_mode, ',STRICT_ALL_TABLES'), ',NO_AUTO_VALUE_ON_ZERO'),  @@SESSION.sql_auto_is_null = 0, @@SESSION.wait_timeout = 2147483[0m
  [1m[35m (0.1ms)[0m  [1m[34mSELECT `schema_migrations`.`version` FROM `schema_migrations` ORDER BY `schema_migrations`.`version` ASC[0m
  [1m[35m (0.2ms)[0m  [1m[34mSELECT `ar_internal_metadata`.`value` FROM `ar_internal_metadata` WHERE `ar_internal_metadata`.`key` = 'environment'[0m
  [1m[35m (0.1ms)[0m  [1m[34mSELECT `schema_migrations`.`version` FROM `schema_migrations` ORDER BY `schema_migrations`.`version` ASC[0m
  [1m[35m (0.1ms)[0m  [1m[34mSELECT `ar_internal_metadata`.`value` FROM `ar_internal_metadata` WHERE `ar_internal_metadata`.`key` = 'environment'[0m
  [1m[35m (0.1ms)[0m  [1m[34mSELECT `schema_migrations`.`version` FROM `schema_migrations` ORDER BY `schema_migrations`.`version` ASC[0m
  [1m[35m (0.1ms)[0m  [1m[34mSELECT `ar_internal_metadata`.`value` FROM `ar_internal_metadata` WHERE `ar_internal_metadata`.`key` = 'environment'[0m
  [1m[35m (0.1ms)[0m  [1m[35mSET NAMES utf8,  @@SESSION.sql_mode = CONCAT(CONCAT(@@sql_mode, ',STRICT_ALL_TABLES'), ',NO_AUTO_VALUE_ON_ZERO'),  @@SESSION.sql_auto_is_null = 0, @@SESSION.wait_timeout = 2147483[0m
  [1m[35m (71.8ms)[0m  [1m[35mDROP DATABASE IF EXISTS `winter-api_development`[0m
  [1m[35m (0.2ms)[0m  [1m[35mSET NAMES utf8,  @@SESSION.sql_mode = CONCAT(CONCAT(@@sql_mode, ',STRICT_ALL_TABLES'), ',NO_AUTO_VALUE_ON_ZERO'),  @@SESSION.sql_auto_is_null = 0, @@SESSION.wait_timeout = 2147483[0m
  [1m[35m (1.2ms)[0m  [1m[35mDROP DATABASE IF EXISTS `winter-api_test`[0m
  [1m[35m (0.1ms)[0m  [1m[35mSET NAMES utf8,  @@SESSION.sql_mode = CONCAT(CONCAT(@@sql_mode, ',STRICT_ALL_TABLES'), ',NO_AUTO_VALUE_ON_ZERO'),  @@SESSION.sql_auto_is_null = 0, @@SESSION.wait_timeout = 2147483[0m
  [1m[35m (0.1ms)[0m  [1m[35mCREATE DATABASE `winter-api_development` DEFAULT CHARACTER SET `utf8`[0m
  [1m[35m (0.1ms)[0m  [1m[35mSET NAMES utf8,  @@SESSION.sql_mode = CONCAT(CONCAT(@@sql_mode, ',STRICT_ALL_TABLES'), ',NO_AUTO_VALUE_ON_ZERO'),  @@SESSION.sql_auto_is_null = 0, @@SESSION.wait_timeout = 2147483[0m
  [1m[35m (0.1ms)[0m  [1m[35mCREATE DATABASE `winter-api_test` DEFAULT CHARACTER SET `utf8`[0m
  [1m[35m (0.1ms)[0m  [1m[35mSET NAMES utf8,  @@SESSION.sql_mode = CONCAT(CONCAT(@@sql_mode, ',STRICT_ALL_TABLES'), ',NO_AUTO_VALUE_ON_ZERO'),  @@SESSION.sql_auto_is_null = 0, @@SESSION.wait_timeout = 2147483[0m
  [1m[35m (19.3ms)[0m  [1m[35mCREATE TABLE `schema_migrations` (`version` varchar(255) NOT NULL PRIMARY KEY) ENGINE=InnoDB[0m
  [1m[35m (26.0ms)[0m  [1m[35mCREATE TABLE `ar_internal_metadata` (`key` varchar(255) NOT NULL PRIMARY KEY, `value` varchar(255), `created_at` datetime NOT NULL, `updated_at` datetime NOT NULL) ENGINE=InnoDB[0m
  [1m[35m (0.1ms)[0m  [1m[34mSELECT GET_LOCK('4692374284095839670', 0)[0m
  [1m[35m (0.2ms)[0m  [1m[34mSELECT `schema_migrations`.`version` FROM `schema_migrations` ORDER BY `schema_migrations`.`version` ASC[0m
Migrating to DeviseTokenAuthCreateUsers (20180527032211)
  [1m[35m (19.5ms)[0m  [1m[35mCREATE TABLE `users` (`id` bigint NOT NULL AUTO_INCREMENT PRIMARY KEY, `provider` varchar(255) DEFAULT 'email' NOT NULL, `uid` varchar(255) DEFAULT '' NOT NULL, `encrypted_password` varchar(255) DEFAULT '' NOT NULL, `reset_password_token` varchar(255), `reset_password_sent_at` datetime, `allow_password_change` tinyint(1) DEFAULT 0, `remember_created_at` datetime, `sign_in_count` int DEFAULT 0 NOT NULL, `current_sign_in_at` datetime, `last_sign_in_at` datetime, `current_sign_in_ip` varchar(255), `last_sign_in_ip` varchar(255), `confirmation_token` varchar(255), `confirmed_at` datetime, `confirmation_sent_at` datetime, `unconfirmed_email` varchar(255), `name` varchar(255), `nickname` varchar(255), `image` varchar(255), `email` varchar(255), `tokens` text, `created_at` datetime NOT NULL, `updated_at` datetime NOT NULL) ENGINE=InnoDB[0m
  [1m[35m (16.4ms)[0m  [1m[35mCREATE UNIQUE INDEX `index_users_on_email`  ON `users` (`email`) [0m
  [1m[35m (7.6ms)[0m  [1m[35mCREATE UNIQUE INDEX `index_users_on_uid_and_provider`  ON `users` (`uid`, `provider`) [0m
  [1m[35m (18.3ms)[0m  [1m[35mCREATE UNIQUE INDEX `index_users_on_reset_password_token`  ON `users` (`reset_password_token`) [0m
  [1m[35m (9.0ms)[0m  [1m[35mCREATE UNIQUE INDEX `index_users_on_confirmation_token`  ON `users` (`confirmation_token`) [0m
  [1m[35m (0.1ms)[0m  [1m[35mBEGIN[0m
  [1m[35mSQL (0.1ms)[0m  [1m[32mINSERT INTO `schema_migrations` (`version`) VALUES ('20180527032211')[0m
  [1m[35m (2.1ms)[0m  [1m[35mCOMMIT[0m
Migrating to CreateAreas (20180527032244)
  [1m[35m (20.0ms)[0m  [1m[35mCREATE TABLE `areas` (`id` bigint NOT NULL AUTO_INCREMENT PRIMARY KEY, `name` varchar(255), `created_at` datetime NOT NULL, `updated_at` datetime NOT NULL) ENGINE=InnoDB[0m
  [1m[35m (0.1ms)[0m  [1m[35mBEGIN[0m
  [1m[35mSQL (0.1ms)[0m  [1m[32mINSERT INTO `schema_migrations` (`version`) VALUES ('20180527032244')[0m
  [1m[35m (2.5ms)[0m  [1m[35mCOMMIT[0m
Migrating to CreateSubAreas (20180527032312)
  [1m[35m (26.9ms)[0m  [1m[35mCREATE TABLE `sub_areas` (`id` bigint NOT NULL AUTO_INCREMENT PRIMARY KEY, `name` varchar(255), `area_id` bigint, `sub_area_id` bigint, `created_at` datetime NOT NULL, `updated_at` datetime NOT NULL,  INDEX `index_sub_areas_on_area_id`  (`area_id`),  INDEX `index_sub_areas_on_sub_area_id`  (`sub_area_id`), CONSTRAINT `fk_rails_056813470f`
FOREIGN KEY (`area_id`)
  REFERENCES `areas` (`id`)
, CONSTRAINT `fk_rails_0817c5a7cb`
FOREIGN KEY (`sub_area_id`)
  REFERENCES `sub_areas` (`id`)
) ENGINE=InnoDB[0m
  [1m[35m (0.1ms)[0m  [1m[35mBEGIN[0m
  [1m[35mSQL (0.1ms)[0m  [1m[32mINSERT INTO `schema_migrations` (`version`) VALUES ('20180527032312')[0m
  [1m[35m (1.8ms)[0m  [1m[35mCOMMIT[0m
Migrating to CreateMatches (20180527032353)
  [1m[35m (24.7ms)[0m  [1m[35mCREATE TABLE `matches` (`id` bigint NOT NULL AUTO_INCREMENT PRIMARY KEY, `first_user_id` bigint, `first_like` tinyint(1), `second_user_id` bigint, `second_like` tinyint(1), `created_at` datetime NOT NULL, `updated_at` datetime NOT NULL,  INDEX `index_matches_on_first_user_id`  (`first_user_id`),  INDEX `index_matches_on_second_user_id`  (`second_user_id`), CONSTRAINT `fk_rails_d6fcc50734`
FOREIGN KEY (`first_user_id`)
  REFERENCES `first_users` (`id`)
, CONSTRAINT `fk_rails_eeb4e341e5`
FOREIGN KEY (`second_user_id`)
  REFERENCES `second_users` (`id`)
) ENGINE=InnoDB[0m
  [1m[35m (0.1ms)[0m  [1m[34mSELECT RELEASE_LOCK('4692374284095839670')[0m
  [1m[35m (0.2ms)[0m  [1m[35mSET NAMES utf8,  @@SESSION.sql_mode = CONCAT(CONCAT(@@sql_mode, ',STRICT_ALL_TABLES'), ',NO_AUTO_VALUE_ON_ZERO'),  @@SESSION.sql_auto_is_null = 0, @@SESSION.wait_timeout = 2147483[0m
  [1m[35m (0.2ms)[0m  [1m[35mSET NAMES utf8,  @@SESSION.sql_mode = CONCAT(CONCAT(@@sql_mode, ',STRICT_ALL_TABLES'), ',NO_AUTO_VALUE_ON_ZERO'),  @@SESSION.sql_auto_is_null = 0, @@SESSION.wait_timeout = 2147483[0m
  [1m[35m (0.2ms)[0m  [1m[34mSELECT `schema_migrations`.`version` FROM `schema_migrations` ORDER BY `schema_migrations`.`version` ASC[0m
  [1m[35m (0.2ms)[0m  [1m[34mSELECT `ar_internal_metadata`.`value` FROM `ar_internal_metadata` WHERE `ar_internal_metadata`.`key` = 'environment'[0m
  [1m[35m (0.2ms)[0m  [1m[35mSET NAMES utf8,  @@SESSION.sql_mode = CONCAT(CONCAT(@@sql_mode, ',STRICT_ALL_TABLES'), ',NO_AUTO_VALUE_ON_ZERO'),  @@SESSION.sql_auto_is_null = 0, @@SESSION.wait_timeout = 2147483[0m
  [1m[36mActiveRecord::InternalMetadata Load (0.2ms)[0m  [1m[34mSELECT  `ar_internal_metadata`.* FROM `ar_internal_metadata` WHERE `ar_internal_metadata`.`key` = 'environment' LIMIT 1[0m
  [1m[35m (0.1ms)[0m  [1m[35mBEGIN[0m
  [1m[35mSQL (0.1ms)[0m  [1m[32mINSERT INTO `ar_internal_metadata` (`key`, `value`, `created_at`, `updated_at`) VALUES ('environment', 'development', '2018-05-27 03:36:24', '2018-05-27 03:36:24')[0m
  [1m[35m (4.1ms)[0m  [1m[35mCOMMIT[0m
  [1m[35m (0.2ms)[0m  [1m[35mSET NAMES utf8,  @@SESSION.sql_mode = CONCAT(CONCAT(@@sql_mode, ',STRICT_ALL_TABLES'), ',NO_AUTO_VALUE_ON_ZERO'),  @@SESSION.sql_auto_is_null = 0, @@SESSION.wait_timeout = 2147483[0m
  [1m[35m (0.1ms)[0m  [1m[34mSELECT `schema_migrations`.`version` FROM `schema_migrations` ORDER BY `schema_migrations`.`version` ASC[0m
  [1m[35m (0.2ms)[0m  [1m[34mSELECT `ar_internal_metadata`.`value` FROM `ar_internal_metadata` WHERE `ar_internal_metadata`.`key` = 'environment'[0m
  [1m[35m (0.1ms)[0m  [1m[34mSELECT `schema_migrations`.`version` FROM `schema_migrations` ORDER BY `schema_migrations`.`version` ASC[0m
  [1m[35m (0.1ms)[0m  [1m[34mSELECT `ar_internal_metadata`.`value` FROM `ar_internal_metadata` WHERE `ar_internal_metadata`.`key` = 'environment'[0m
  [1m[35m (0.1ms)[0m  [1m[34mSELECT `schema_migrations`.`version` FROM `schema_migrations` ORDER BY `schema_migrations`.`version` ASC[0m
  [1m[35m (0.1ms)[0m  [1m[34mSELECT `ar_internal_metadata`.`value` FROM `ar_internal_metadata` WHERE `ar_internal_metadata`.`key` = 'environment'[0m
  [1m[35m (0.1ms)[0m  [1m[35mSET NAMES utf8,  @@SESSION.sql_mode = CONCAT(CONCAT(@@sql_mode, ',STRICT_ALL_TABLES'), ',NO_AUTO_VALUE_ON_ZERO'),  @@SESSION.sql_auto_is_null = 0, @@SESSION.wait_timeout = 2147483[0m
  [1m[35m (35.3ms)[0m  [1m[35mDROP DATABASE IF EXISTS `winter-api_development`[0m
  [1m[35m (0.2ms)[0m  [1m[35mSET NAMES utf8,  @@SESSION.sql_mode = CONCAT(CONCAT(@@sql_mode, ',STRICT_ALL_TABLES'), ',NO_AUTO_VALUE_ON_ZERO'),  @@SESSION.sql_auto_is_null = 0, @@SESSION.wait_timeout = 2147483[0m
  [1m[35m (2.2ms)[0m  [1m[35mDROP DATABASE IF EXISTS `winter-api_test`[0m
  [1m[35m (0.1ms)[0m  [1m[35mSET NAMES utf8,  @@SESSION.sql_mode = CONCAT(CONCAT(@@sql_mode, ',STRICT_ALL_TABLES'), ',NO_AUTO_VALUE_ON_ZERO'),  @@SESSION.sql_auto_is_null = 0, @@SESSION.wait_timeout = 2147483[0m
  [1m[35m (0.2ms)[0m  [1m[35mCREATE DATABASE `winter-api_development` DEFAULT CHARACTER SET `utf8`[0m
  [1m[35m (0.1ms)[0m  [1m[35mSET NAMES utf8,  @@SESSION.sql_mode = CONCAT(CONCAT(@@sql_mode, ',STRICT_ALL_TABLES'), ',NO_AUTO_VALUE_ON_ZERO'),  @@SESSION.sql_auto_is_null = 0, @@SESSION.wait_timeout = 2147483[0m
  [1m[35m (0.1ms)[0m  [1m[35mCREATE DATABASE `winter-api_test` DEFAULT CHARACTER SET `utf8`[0m
  [1m[35m (0.1ms)[0m  [1m[35mSET NAMES utf8,  @@SESSION.sql_mode = CONCAT(CONCAT(@@sql_mode, ',STRICT_ALL_TABLES'), ',NO_AUTO_VALUE_ON_ZERO'),  @@SESSION.sql_auto_is_null = 0, @@SESSION.wait_timeout = 2147483[0m
  [1m[35m (17.9ms)[0m  [1m[35mCREATE TABLE `schema_migrations` (`version` varchar(255) NOT NULL PRIMARY KEY) ENGINE=InnoDB[0m
  [1m[35m (25.3ms)[0m  [1m[35mCREATE TABLE `ar_internal_metadata` (`key` varchar(255) NOT NULL PRIMARY KEY, `value` varchar(255), `created_at` datetime NOT NULL, `updated_at` datetime NOT NULL) ENGINE=InnoDB[0m
  [1m[35m (0.1ms)[0m  [1m[34mSELECT GET_LOCK('4692374284095839670', 0)[0m
  [1m[35m (0.3ms)[0m  [1m[34mSELECT `schema_migrations`.`version` FROM `schema_migrations` ORDER BY `schema_migrations`.`version` ASC[0m
Migrating to DeviseTokenAuthCreateUsers (20180527032211)
  [1m[35m (18.6ms)[0m  [1m[35mCREATE TABLE `users` (`id` bigint NOT NULL AUTO_INCREMENT PRIMARY KEY, `provider` varchar(255) DEFAULT 'email' NOT NULL, `uid` varchar(255) DEFAULT '' NOT NULL, `encrypted_password` varchar(255) DEFAULT '' NOT NULL, `reset_password_token` varchar(255), `reset_password_sent_at` datetime, `allow_password_change` tinyint(1) DEFAULT 0, `remember_created_at` datetime, `sign_in_count` int DEFAULT 0 NOT NULL, `current_sign_in_at` datetime, `last_sign_in_at` datetime, `current_sign_in_ip` varchar(255), `last_sign_in_ip` varchar(255), `confirmation_token` varchar(255), `confirmed_at` datetime, `confirmation_sent_at` datetime, `unconfirmed_email` varchar(255), `name` varchar(255), `nickname` varchar(255), `image` varchar(255), `email` varchar(255), `tokens` text, `sex` int, `sex_preference` int, `about` text, `created_at` datetime NOT NULL, `updated_at` datetime NOT NULL) ENGINE=InnoDB[0m
  [1m[35m (17.8ms)[0m  [1m[35mCREATE UNIQUE INDEX `index_users_on_email`  ON `users` (`email`) [0m
  [1m[35m (7.7ms)[0m  [1m[35mCREATE UNIQUE INDEX `index_users_on_uid_and_provider`  ON `users` (`uid`, `provider`) [0m
  [1m[35m (19.8ms)[0m  [1m[35mCREATE UNIQUE INDEX `index_users_on_reset_password_token`  ON `users` (`reset_password_token`) [0m
  [1m[35m (8.4ms)[0m  [1m[35mCREATE UNIQUE INDEX `index_users_on_confirmation_token`  ON `users` (`confirmation_token`) [0m
  [1m[35m (0.2ms)[0m  [1m[35mBEGIN[0m
  [1m[35mSQL (0.2ms)[0m  [1m[32mINSERT INTO `schema_migrations` (`version`) VALUES ('20180527032211')[0m
  [1m[35m (2.1ms)[0m  [1m[35mCOMMIT[0m
Migrating to CreateAreas (20180527032244)
  [1m[35m (21.0ms)[0m  [1m[35mCREATE TABLE `areas` (`id` bigint NOT NULL AUTO_INCREMENT PRIMARY KEY, `name` varchar(255), `created_at` datetime NOT NULL, `updated_at` datetime NOT NULL) ENGINE=InnoDB[0m
  [1m[35m (0.1ms)[0m  [1m[35mBEGIN[0m
  [1m[35mSQL (0.2ms)[0m  [1m[32mINSERT INTO `schema_migrations` (`version`) VALUES ('20180527032244')[0m
  [1m[35m (2.5ms)[0m  [1m[35mCOMMIT[0m
Migrating to CreateSubAreas (20180527032312)
  [1m[35m (25.7ms)[0m  [1m[35mCREATE TABLE `sub_areas` (`id` bigint NOT NULL AUTO_INCREMENT PRIMARY KEY, `name` varchar(255), `area_id` bigint, `sub_area_id` bigint, `created_at` datetime NOT NULL, `updated_at` datetime NOT NULL,  INDEX `index_sub_areas_on_area_id`  (`area_id`),  INDEX `index_sub_areas_on_sub_area_id`  (`sub_area_id`), CONSTRAINT `fk_rails_056813470f`
FOREIGN KEY (`area_id`)
  REFERENCES `areas` (`id`)
, CONSTRAINT `fk_rails_0817c5a7cb`
FOREIGN KEY (`sub_area_id`)
  REFERENCES `sub_areas` (`id`)
) ENGINE=InnoDB[0m
  [1m[35m (0.1ms)[0m  [1m[35mBEGIN[0m
  [1m[35mSQL (0.3ms)[0m  [1m[32mINSERT INTO `schema_migrations` (`version`) VALUES ('20180527032312')[0m
  [1m[35m (1.9ms)[0m  [1m[35mCOMMIT[0m
Migrating to CreateMatches (20180527032353)
  [1m[35m (26.4ms)[0m  [1m[35mCREATE TABLE `matches` (`id` bigint NOT NULL AUTO_INCREMENT PRIMARY KEY, `first_user_id` bigint, `first_like` tinyint(1), `second_user_id` bigint, `second_like` tinyint(1), `created_at` datetime NOT NULL, `updated_at` datetime NOT NULL,  INDEX `index_matches_on_first_user_id`  (`first_user_id`),  INDEX `index_matches_on_second_user_id`  (`second_user_id`)) ENGINE=InnoDB[0m
  [1m[35m (0.1ms)[0m  [1m[35mBEGIN[0m
  [1m[35mSQL (0.3ms)[0m  [1m[32mINSERT INTO `schema_migrations` (`version`) VALUES ('20180527032353')[0m
  [1m[35m (2.1ms)[0m  [1m[35mCOMMIT[0m
Migrating to CreateChats (20180527032420)
  [1m[35m (23.6ms)[0m  [1m[35mCREATE TABLE `chats` (`id` bigint NOT NULL AUTO_INCREMENT PRIMARY KEY, `match_id` bigint, `created_at` datetime NOT NULL, `updated_at` datetime NOT NULL,  INDEX `index_chats_on_match_id`  (`match_id`), CONSTRAINT `fk_rails_39e7ba5eee`
FOREIGN KEY (`match_id`)
  REFERENCES `matches` (`id`)
) ENGINE=InnoDB[0m
  [1m[35m (0.1ms)[0m  [1m[35mBEGIN[0m
  [1m[35mSQL (0.2ms)[0m  [1m[32mINSERT INTO `schema_migrations` (`version`) VALUES ('20180527032420')[0m
  [1m[35m (1.9ms)[0m  [1m[35mCOMMIT[0m
Migrating to AddChatToMatch (20180527032447)
  [1m[35m (33.7ms)[0m  [1m[35mALTER TABLE `matches` ADD `chat_id` bigint[0m
  [1m[35m (19.4ms)[0m  [1m[35mCREATE  INDEX `index_matches_on_chat_id`  ON `matches` (`chat_id`) [0m
  [1m[35m (47.6ms)[0m  [1m[35mALTER TABLE `matches` ADD CONSTRAINT `fk_rails_8b5139a0e0`
FOREIGN KEY (`chat_id`)
  REFERENCES `chats` (`id`)
[0m
  [1m[35m (0.1ms)[0m  [1m[35mBEGIN[0m
  [1m[35mSQL (0.1ms)[0m  [1m[32mINSERT INTO `schema_migrations` (`version`) VALUES ('20180527032447')[0m
  [1m[35m (4.1ms)[0m  [1m[35mCOMMIT[0m
Migrating to CreateMessages (20180527032513)
  [1m[35m (22.5ms)[0m  [1m[35mCREATE TABLE `messages` (`id` bigint NOT NULL AUTO_INCREMENT PRIMARY KEY, `chat_id` bigint, `user_id` bigint, `content` text, `created_at` datetime NOT NULL, `updated_at` datetime NOT NULL,  INDEX `index_messages_on_chat_id`  (`chat_id`),  INDEX `index_messages_on_user_id`  (`user_id`), CONSTRAINT `fk_rails_0f670de7ba`
FOREIGN KEY (`chat_id`)
  REFERENCES `chats` (`id`)
, CONSTRAINT `fk_rails_273a25a7a6`
FOREIGN KEY (`user_id`)
  REFERENCES `users` (`id`)
) ENGINE=InnoDB[0m
  [1m[35m (0.1ms)[0m  [1m[35mBEGIN[0m
  [1m[35mSQL (0.3ms)[0m  [1m[32mINSERT INTO `schema_migrations` (`version`) VALUES ('20180527032513')[0m
  [1m[35m (4.0ms)[0m  [1m[35mCOMMIT[0m
Migrating to CreatePreferences (20180527032547)
  [1m[35m (20.6ms)[0m  [1m[35mCREATE TABLE `preferences` (`id` bigint NOT NULL AUTO_INCREMENT PRIMARY KEY, `sub_area_id` bigint, `creator_id` bigint, `content` varchar(255), `created_at` datetime NOT NULL, `updated_at` datetime NOT NULL,  INDEX `index_preferences_on_sub_area_id`  (`sub_area_id`),  INDEX `index_preferences_on_creator_id`  (`creator_id`), CONSTRAINT `fk_rails_8f37948924`
FOREIGN KEY (`sub_area_id`)
  REFERENCES `sub_areas` (`id`)
) ENGINE=InnoDB[0m
  [1m[35m (0.1ms)[0m  [1m[35mBEGIN[0m
  [1m[35mSQL (0.1ms)[0m  [1m[32mINSERT INTO `schema_migrations` (`version`) VALUES ('20180527032547')[0m
  [1m[35m (4.0ms)[0m  [1m[35mCOMMIT[0m
Migrating to CreateJoinTableUsersPreferences (20180527032606)
  [1m[35m (18.1ms)[0m  [1m[35mCREATE TABLE `preferences_users` (`user_id` bigint NOT NULL, `preference_id` bigint NOT NULL) ENGINE=InnoDB[0m
  [1m[35m (0.1ms)[0m  [1m[35mBEGIN[0m
  [1m[35mSQL (0.1ms)[0m  [1m[32mINSERT INTO `schema_migrations` (`version`) VALUES ('20180527032606')[0m
  [1m[35m (1.6ms)[0m  [1m[35mCOMMIT[0m
  [1m[36mActiveRecord::InternalMetadata Load (0.3ms)[0m  [1m[34mSELECT  `ar_internal_metadata`.* FROM `ar_internal_metadata` WHERE `ar_internal_metadata`.`key` = 'environment' LIMIT 1[0m
  [1m[35m (0.1ms)[0m  [1m[35mBEGIN[0m
  [1m[35mSQL (0.1ms)[0m  [1m[32mINSERT INTO `ar_internal_metadata` (`key`, `value`, `created_at`, `updated_at`) VALUES ('environment', 'development', '2018-05-27 03:36:26', '2018-05-27 03:36:26')[0m
  [1m[35m (1.8ms)[0m  [1m[35mCOMMIT[0m
  [1m[35m (0.1ms)[0m  [1m[34mSELECT RELEASE_LOCK('4692374284095839670')[0m
  [1m[35m (0.4ms)[0m  [1m[34mSELECT `schema_migrations`.`version` FROM `schema_migrations` ORDER BY `schema_migrations`.`version` ASC[0m
  [1m[35m (0.2ms)[0m  [1m[35mSET NAMES utf8,  @@SESSION.sql_mode = CONCAT(CONCAT(@@sql_mode, ',STRICT_ALL_TABLES'), ',NO_AUTO_VALUE_ON_ZERO'),  @@SESSION.sql_auto_is_null = 0, @@SESSION.wait_timeout = 2147483[0m
  [1m[35m (0.2ms)[0m  [1m[35mSET NAMES utf8,  @@SESSION.sql_mode = CONCAT(CONCAT(@@sql_mode, ',STRICT_ALL_TABLES'), ',NO_AUTO_VALUE_ON_ZERO'),  @@SESSION.sql_auto_is_null = 0, @@SESSION.wait_timeout = 2147483[0m
  [1m[36mActiveRecord::InternalMetadata Load (0.2ms)[0m  [1m[34mSELECT  `ar_internal_metadata`.* FROM `ar_internal_metadata` WHERE `ar_internal_metadata`.`key` = 'environment' LIMIT 1[0m
  [1m[35m (0.1ms)[0m  [1m[35mBEGIN[0m
  [1m[35m (0.1ms)[0m  [1m[35mCOMMIT[0m
  [1m[35m (0.2ms)[0m  [1m[35mSET NAMES utf8,  @@SESSION.sql_mode = CONCAT(CONCAT(@@sql_mode, ',STRICT_ALL_TABLES'), ',NO_AUTO_VALUE_ON_ZERO'),  @@SESSION.sql_auto_is_null = 0, @@SESSION.wait_timeout = 2147483[0m
  [1m[35m (0.1ms)[0m  [1m[34mSELECT `schema_migrations`.`version` FROM `schema_migrations` ORDER BY `schema_migrations`.`version` ASC[0m
  [1m[35m (0.2ms)[0m  [1m[34mSELECT `ar_internal_metadata`.`value` FROM `ar_internal_metadata` WHERE `ar_internal_metadata`.`key` = 'environment'[0m
  [1m[35m (0.1ms)[0m  [1m[34mSELECT `schema_migrations`.`version` FROM `schema_migrations` ORDER BY `schema_migrations`.`version` ASC[0m
  [1m[35m (0.1ms)[0m  [1m[34mSELECT `ar_internal_metadata`.`value` FROM `ar_internal_metadata` WHERE `ar_internal_metadata`.`key` = 'environment'[0m
  [1m[35m (0.1ms)[0m  [1m[34mSELECT `schema_migrations`.`version` FROM `schema_migrations` ORDER BY `schema_migrations`.`version` ASC[0m
  [1m[35m (0.1ms)[0m  [1m[34mSELECT `ar_internal_metadata`.`value` FROM `ar_internal_metadata` WHERE `ar_internal_metadata`.`key` = 'environment'[0m
  [1m[35m (0.1ms)[0m  [1m[35mSET NAMES utf8,  @@SESSION.sql_mode = CONCAT(CONCAT(@@sql_mode, ',STRICT_ALL_TABLES'), ',NO_AUTO_VALUE_ON_ZERO'),  @@SESSION.sql_auto_is_null = 0, @@SESSION.wait_timeout = 2147483[0m
  [1m[35m (75.9ms)[0m  [1m[35mDROP DATABASE IF EXISTS `winter-api_development`[0m
  [1m[35m (0.1ms)[0m  [1m[35mSET NAMES utf8,  @@SESSION.sql_mode = CONCAT(CONCAT(@@sql_mode, ',STRICT_ALL_TABLES'), ',NO_AUTO_VALUE_ON_ZERO'),  @@SESSION.sql_auto_is_null = 0, @@SESSION.wait_timeout = 2147483[0m
  [1m[35m (2.1ms)[0m  [1m[35mDROP DATABASE IF EXISTS `winter-api_test`[0m
  [1m[35m (0.1ms)[0m  [1m[35mSET NAMES utf8,  @@SESSION.sql_mode = CONCAT(CONCAT(@@sql_mode, ',STRICT_ALL_TABLES'), ',NO_AUTO_VALUE_ON_ZERO'),  @@SESSION.sql_auto_is_null = 0, @@SESSION.wait_timeout = 2147483[0m
  [1m[35m (0.1ms)[0m  [1m[35mCREATE DATABASE `winter-api_development` DEFAULT CHARACTER SET `utf8`[0m
  [1m[35m (0.1ms)[0m  [1m[35mSET NAMES utf8,  @@SESSION.sql_mode = CONCAT(CONCAT(@@sql_mode, ',STRICT_ALL_TABLES'), ',NO_AUTO_VALUE_ON_ZERO'),  @@SESSION.sql_auto_is_null = 0, @@SESSION.wait_timeout = 2147483[0m
  [1m[35m (0.1ms)[0m  [1m[35mCREATE DATABASE `winter-api_test` DEFAULT CHARACTER SET `utf8`[0m
  [1m[35m (0.1ms)[0m  [1m[35mSET NAMES utf8,  @@SESSION.sql_mode = CONCAT(CONCAT(@@sql_mode, ',STRICT_ALL_TABLES'), ',NO_AUTO_VALUE_ON_ZERO'),  @@SESSION.sql_auto_is_null = 0, @@SESSION.wait_timeout = 2147483[0m
  [1m[35m (17.5ms)[0m  [1m[35mCREATE TABLE `schema_migrations` (`version` varchar(255) NOT NULL PRIMARY KEY) ENGINE=InnoDB[0m
  [1m[35m (26.1ms)[0m  [1m[35mCREATE TABLE `ar_internal_metadata` (`key` varchar(255) NOT NULL PRIMARY KEY, `value` varchar(255), `created_at` datetime NOT NULL, `updated_at` datetime NOT NULL) ENGINE=InnoDB[0m
  [1m[35m (0.2ms)[0m  [1m[34mSELECT GET_LOCK('4692374284095839670', 0)[0m
  [1m[35m (0.3ms)[0m  [1m[34mSELECT `schema_migrations`.`version` FROM `schema_migrations` ORDER BY `schema_migrations`.`version` ASC[0m
Migrating to DeviseTokenAuthCreateUsers (20180527032211)
  [1m[35m (18.8ms)[0m  [1m[35mCREATE TABLE `users` (`id` bigint NOT NULL AUTO_INCREMENT PRIMARY KEY, `provider` varchar(255) DEFAULT 'email' NOT NULL, `uid` varchar(255) DEFAULT '' NOT NULL, `encrypted_password` varchar(255) DEFAULT '' NOT NULL, `reset_password_token` varchar(255), `reset_password_sent_at` datetime, `allow_password_change` tinyint(1) DEFAULT 0, `remember_created_at` datetime, `sign_in_count` int DEFAULT 0 NOT NULL, `current_sign_in_at` datetime, `last_sign_in_at` datetime, `current_sign_in_ip` varchar(255), `last_sign_in_ip` varchar(255), `confirmation_token` varchar(255), `confirmed_at` datetime, `confirmation_sent_at` datetime, `unconfirmed_email` varchar(255), `name` varchar(255), `nickname` varchar(255), `image` varchar(255), `email` varchar(255), `tokens` text, `sex` int, `sex_preference` int, `about` text, `created_at` datetime NOT NULL, `updated_at` datetime NOT NULL) ENGINE=InnoDB[0m
  [1m[35m (17.7ms)[0m  [1m[35mCREATE UNIQUE INDEX `index_users_on_email`  ON `users` (`email`) [0m
  [1m[35m (7.5ms)[0m  [1m[35mCREATE UNIQUE INDEX `index_users_on_uid_and_provider`  ON `users` (`uid`, `provider`) [0m
  [1m[35m (19.6ms)[0m  [1m[35mCREATE UNIQUE INDEX `index_users_on_reset_password_token`  ON `users` (`reset_password_token`) [0m
  [1m[35m (8.8ms)[0m  [1m[35mCREATE UNIQUE INDEX `index_users_on_confirmation_token`  ON `users` (`confirmation_token`) [0m
  [1m[35m (0.1ms)[0m  [1m[35mBEGIN[0m
  [1m[35mSQL (0.2ms)[0m  [1m[32mINSERT INTO `schema_migrations` (`version`) VALUES ('20180527032211')[0m
  [1m[35m (2.0ms)[0m  [1m[35mCOMMIT[0m
Migrating to CreateAreas (20180527032244)
  [1m[35m (20.6ms)[0m  [1m[35mCREATE TABLE `areas` (`id` bigint NOT NULL AUTO_INCREMENT PRIMARY KEY, `name` varchar(255), `created_at` datetime NOT NULL, `updated_at` datetime NOT NULL) ENGINE=InnoDB[0m
  [1m[35m (0.1ms)[0m  [1m[35mBEGIN[0m
  [1m[35mSQL (0.2ms)[0m  [1m[32mINSERT INTO `schema_migrations` (`version`) VALUES ('20180527032244')[0m
  [1m[35m (2.8ms)[0m  [1m[35mCOMMIT[0m
Migrating to CreateSubAreas (20180527032312)
  [1m[35m (26.4ms)[0m  [1m[35mCREATE TABLE `sub_areas` (`id` bigint NOT NULL AUTO_INCREMENT PRIMARY KEY, `name` varchar(255), `area_id` bigint, `sub_area_id` bigint, `created_at` datetime NOT NULL, `updated_at` datetime NOT NULL,  INDEX `index_sub_areas_on_area_id`  (`area_id`),  INDEX `index_sub_areas_on_sub_area_id`  (`sub_area_id`), CONSTRAINT `fk_rails_056813470f`
FOREIGN KEY (`area_id`)
  REFERENCES `areas` (`id`)
, CONSTRAINT `fk_rails_0817c5a7cb`
FOREIGN KEY (`sub_area_id`)
  REFERENCES `sub_areas` (`id`)
) ENGINE=InnoDB[0m
  [1m[35m (0.1ms)[0m  [1m[35mBEGIN[0m
  [1m[35mSQL (0.1ms)[0m  [1m[32mINSERT INTO `schema_migrations` (`version`) VALUES ('20180527032312')[0m
  [1m[35m (1.7ms)[0m  [1m[35mCOMMIT[0m
Migrating to CreateMatches (20180527032353)
  [1m[35m (25.2ms)[0m  [1m[35mCREATE TABLE `matches` (`id` bigint NOT NULL AUTO_INCREMENT PRIMARY KEY, `first_user_id` bigint, `first_like` tinyint(1), `second_user_id` bigint, `second_like` tinyint(1), `created_at` datetime NOT NULL, `updated_at` datetime NOT NULL,  INDEX `index_matches_on_first_user_id`  (`first_user_id`),  INDEX `index_matches_on_second_user_id`  (`second_user_id`)) ENGINE=InnoDB[0m
  [1m[35m (0.1ms)[0m  [1m[35mBEGIN[0m
  [1m[35mSQL (0.1ms)[0m  [1m[32mINSERT INTO `schema_migrations` (`version`) VALUES ('20180527032353')[0m
  [1m[35m (1.7ms)[0m  [1m[35mCOMMIT[0m
Migrating to CreateChats (20180527032420)
  [1m[35m (24.6ms)[0m  [1m[35mCREATE TABLE `chats` (`id` bigint NOT NULL AUTO_INCREMENT PRIMARY KEY, `match_id` bigint, `created_at` datetime NOT NULL, `updated_at` datetime NOT NULL,  INDEX `index_chats_on_match_id`  (`match_id`), CONSTRAINT `fk_rails_39e7ba5eee`
FOREIGN KEY (`match_id`)
  REFERENCES `matches` (`id`)
) ENGINE=InnoDB[0m
  [1m[35m (0.1ms)[0m  [1m[35mBEGIN[0m
  [1m[35mSQL (0.1ms)[0m  [1m[32mINSERT INTO `schema_migrations` (`version`) VALUES ('20180527032420')[0m
  [1m[35m (1.6ms)[0m  [1m[35mCOMMIT[0m
Migrating to AddChatToMatch (20180527032447)
  [1m[35m (32.8ms)[0m  [1m[35mALTER TABLE `matches` ADD `chat_id` bigint[0m
  [1m[35m (16.9ms)[0m  [1m[35mCREATE  INDEX `index_matches_on_chat_id`  ON `matches` (`chat_id`) [0m
  [1m[35m (47.8ms)[0m  [1m[35mALTER TABLE `matches` ADD CONSTRAINT `fk_rails_8b5139a0e0`
FOREIGN KEY (`chat_id`)
  REFERENCES `chats` (`id`)
[0m
  [1m[35m (0.1ms)[0m  [1m[35mBEGIN[0m
  [1m[35mSQL (0.1ms)[0m  [1m[32mINSERT INTO `schema_migrations` (`version`) VALUES ('20180527032447')[0m
  [1m[35m (1.0ms)[0m  [1m[35mCOMMIT[0m
Migrating to CreateMessages (20180527032513)
  [1m[35m (32.9ms)[0m  [1m[35mCREATE TABLE `messages` (`id` bigint NOT NULL AUTO_INCREMENT PRIMARY KEY, `chat_id` bigint, `user_id` bigint, `content` text, `created_at` datetime NOT NULL, `updated_at` datetime NOT NULL,  INDEX `index_messages_on_chat_id`  (`chat_id`),  INDEX `index_messages_on_user_id`  (`user_id`), CONSTRAINT `fk_rails_0f670de7ba`
FOREIGN KEY (`chat_id`)
  REFERENCES `chats` (`id`)
, CONSTRAINT `fk_rails_273a25a7a6`
FOREIGN KEY (`user_id`)
  REFERENCES `users` (`id`)
) ENGINE=InnoDB[0m
  [1m[35m (0.1ms)[0m  [1m[35mBEGIN[0m
  [1m[35mSQL (0.1ms)[0m  [1m[32mINSERT INTO `schema_migrations` (`version`) VALUES ('20180527032513')[0m
  [1m[35m (3.8ms)[0m  [1m[35mCOMMIT[0m
Migrating to CreatePreferences (20180527032547)
  [1m[35m (23.3ms)[0m  [1m[35mCREATE TABLE `preferences` (`id` bigint NOT NULL AUTO_INCREMENT PRIMARY KEY, `sub_area_id` bigint, `creator_id` bigint, `content` varchar(255), `created_at` datetime NOT NULL, `updated_at` datetime NOT NULL,  INDEX `index_preferences_on_sub_area_id`  (`sub_area_id`),  INDEX `index_preferences_on_creator_id`  (`creator_id`), CONSTRAINT `fk_rails_8f37948924`
FOREIGN KEY (`sub_area_id`)
  REFERENCES `sub_areas` (`id`)
) ENGINE=InnoDB[0m
  [1m[35m (0.1ms)[0m  [1m[35mBEGIN[0m
  [1m[35mSQL (0.2ms)[0m  [1m[32mINSERT INTO `schema_migrations` (`version`) VALUES ('20180527032547')[0m
  [1m[35m (4.0ms)[0m  [1m[35mCOMMIT[0m
Migrating to CreateJoinTableUsersPreferences (20180527032606)
  [1m[35m (14.7ms)[0m  [1m[35mCREATE TABLE `preferences_users` (`user_id` bigint NOT NULL, `preference_id` bigint NOT NULL) ENGINE=InnoDB[0m
  [1m[35m (0.1ms)[0m  [1m[35mBEGIN[0m
  [1m[35mSQL (0.1ms)[0m  [1m[32mINSERT INTO `schema_migrations` (`version`) VALUES ('20180527032606')[0m
  [1m[35m (1.8ms)[0m  [1m[35mCOMMIT[0m
  [1m[36mActiveRecord::InternalMetadata Load (0.5ms)[0m  [1m[34mSELECT  `ar_internal_metadata`.* FROM `ar_internal_metadata` WHERE `ar_internal_metadata`.`key` = 'environment' LIMIT 1[0m
  [1m[35m (0.1ms)[0m  [1m[35mBEGIN[0m
  [1m[35mSQL (0.2ms)[0m  [1m[32mINSERT INTO `ar_internal_metadata` (`key`, `value`, `created_at`, `updated_at`) VALUES ('environment', 'development', '2018-05-27 03:37:17', '2018-05-27 03:37:17')[0m
  [1m[35m (3.1ms)[0m  [1m[35mCOMMIT[0m
  [1m[35m (0.2ms)[0m  [1m[34mSELECT RELEASE_LOCK('4692374284095839670')[0m
  [1m[35m (0.2ms)[0m  [1m[34mSELECT `schema_migrations`.`version` FROM `schema_migrations` ORDER BY `schema_migrations`.`version` ASC[0m
  [1m[35m (0.2ms)[0m  [1m[35mSET NAMES utf8,  @@SESSION.sql_mode = CONCAT(CONCAT(@@sql_mode, ',STRICT_ALL_TABLES'), ',NO_AUTO_VALUE_ON_ZERO'),  @@SESSION.sql_auto_is_null = 0, @@SESSION.wait_timeout = 2147483[0m
  [1m[35m (0.2ms)[0m  [1m[34mSELECT `schema_migrations`.`version` FROM `schema_migrations` ORDER BY `schema_migrations`.`version` ASC[0m
  [1m[35m (0.2ms)[0m  [1m[34mSELECT `ar_internal_metadata`.`value` FROM `ar_internal_metadata` WHERE `ar_internal_metadata`.`key` = 'environment'[0m
  [1m[35m (0.1ms)[0m  [1m[34mSELECT `schema_migrations`.`version` FROM `schema_migrations` ORDER BY `schema_migrations`.`version` ASC[0m
  [1m[35m (0.1ms)[0m  [1m[34mSELECT `ar_internal_metadata`.`value` FROM `ar_internal_metadata` WHERE `ar_internal_metadata`.`key` = 'environment'[0m
  [1m[35m (0.1ms)[0m  [1m[34mSELECT `schema_migrations`.`version` FROM `schema_migrations` ORDER BY `schema_migrations`.`version` ASC[0m
  [1m[35m (0.2ms)[0m  [1m[34mSELECT `ar_internal_metadata`.`value` FROM `ar_internal_metadata` WHERE `ar_internal_metadata`.`key` = 'environment'[0m
  [1m[35m (0.1ms)[0m  [1m[35mSET NAMES utf8,  @@SESSION.sql_mode = CONCAT(CONCAT(@@sql_mode, ',STRICT_ALL_TABLES'), ',NO_AUTO_VALUE_ON_ZERO'),  @@SESSION.sql_auto_is_null = 0, @@SESSION.wait_timeout = 2147483[0m
  [1m[35m (76.5ms)[0m  [1m[35mDROP DATABASE IF EXISTS `winter-api_development`[0m
  [1m[35m (0.1ms)[0m  [1m[35mSET NAMES utf8,  @@SESSION.sql_mode = CONCAT(CONCAT(@@sql_mode, ',STRICT_ALL_TABLES'), ',NO_AUTO_VALUE_ON_ZERO'),  @@SESSION.sql_auto_is_null = 0, @@SESSION.wait_timeout = 2147483[0m
  [1m[35m (1.1ms)[0m  [1m[35mDROP DATABASE IF EXISTS `winter-api_test`[0m
  [1m[35m (0.1ms)[0m  [1m[35mSET NAMES utf8,  @@SESSION.sql_mode = CONCAT(CONCAT(@@sql_mode, ',STRICT_ALL_TABLES'), ',NO_AUTO_VALUE_ON_ZERO'),  @@SESSION.sql_auto_is_null = 0, @@SESSION.wait_timeout = 2147483[0m
  [1m[35m (0.1ms)[0m  [1m[35mCREATE DATABASE `winter-api_development` DEFAULT CHARACTER SET `utf8`[0m
  [1m[35m (0.1ms)[0m  [1m[35mSET NAMES utf8,  @@SESSION.sql_mode = CONCAT(CONCAT(@@sql_mode, ',STRICT_ALL_TABLES'), ',NO_AUTO_VALUE_ON_ZERO'),  @@SESSION.sql_auto_is_null = 0, @@SESSION.wait_timeout = 2147483[0m
  [1m[35m (0.1ms)[0m  [1m[35mCREATE DATABASE `winter-api_test` DEFAULT CHARACTER SET `utf8`[0m
  [1m[35m (0.1ms)[0m  [1m[35mSET NAMES utf8,  @@SESSION.sql_mode = CONCAT(CONCAT(@@sql_mode, ',STRICT_ALL_TABLES'), ',NO_AUTO_VALUE_ON_ZERO'),  @@SESSION.sql_auto_is_null = 0, @@SESSION.wait_timeout = 2147483[0m
  [1m[35m (23.4ms)[0m  [1m[35mCREATE TABLE `schema_migrations` (`version` varchar(255) NOT NULL PRIMARY KEY) ENGINE=InnoDB[0m
  [1m[35m (21.3ms)[0m  [1m[35mCREATE TABLE `ar_internal_metadata` (`key` varchar(255) NOT NULL PRIMARY KEY, `value` varchar(255), `created_at` datetime NOT NULL, `updated_at` datetime NOT NULL) ENGINE=InnoDB[0m
  [1m[35m (0.1ms)[0m  [1m[34mSELECT GET_LOCK('4692374284095839670', 0)[0m
  [1m[35m (0.3ms)[0m  [1m[34mSELECT `schema_migrations`.`version` FROM `schema_migrations` ORDER BY `schema_migrations`.`version` ASC[0m
Migrating to DeviseTokenAuthCreateUsers (20180527032211)
  [1m[35m (15.6ms)[0m  [1m[35mCREATE TABLE `users` (`id` bigint NOT NULL AUTO_INCREMENT PRIMARY KEY, `provider` varchar(255) DEFAULT 'email' NOT NULL, `uid` varchar(255) DEFAULT '' NOT NULL, `encrypted_password` varchar(255) DEFAULT '' NOT NULL, `reset_password_token` varchar(255), `reset_password_sent_at` datetime, `allow_password_change` tinyint(1) DEFAULT 0, `remember_created_at` datetime, `sign_in_count` int DEFAULT 0 NOT NULL, `current_sign_in_at` datetime, `last_sign_in_at` datetime, `current_sign_in_ip` varchar(255), `last_sign_in_ip` varchar(255), `confirmation_token` varchar(255), `confirmed_at` datetime, `confirmation_sent_at` datetime, `unconfirmed_email` varchar(255), `name` varchar(255), `nickname` varchar(255), `image` varchar(255), `email` varchar(255), `tokens` text, `sex` int, `sex_preference` int, `about` text, `birthday` date, `created_at` datetime NOT NULL, `updated_at` datetime NOT NULL) ENGINE=InnoDB[0m
  [1m[35m (20.2ms)[0m  [1m[35mCREATE UNIQUE INDEX `index_users_on_email`  ON `users` (`email`) [0m
  [1m[35m (8.7ms)[0m  [1m[35mCREATE UNIQUE INDEX `index_users_on_uid_and_provider`  ON `users` (`uid`, `provider`) [0m
  [1m[35m (16.6ms)[0m  [1m[35mCREATE UNIQUE INDEX `index_users_on_reset_password_token`  ON `users` (`reset_password_token`) [0m
  [1m[35m (13.5ms)[0m  [1m[35mCREATE UNIQUE INDEX `index_users_on_confirmation_token`  ON `users` (`confirmation_token`) [0m
  [1m[35m (0.1ms)[0m  [1m[35mBEGIN[0m
  [1m[35mSQL (0.2ms)[0m  [1m[32mINSERT INTO `schema_migrations` (`version`) VALUES ('20180527032211')[0m
  [1m[35m (2.0ms)[0m  [1m[35mCOMMIT[0m
Migrating to CreateAreas (20180527032244)
  [1m[35m (25.0ms)[0m  [1m[35mCREATE TABLE `areas` (`id` bigint NOT NULL AUTO_INCREMENT PRIMARY KEY, `name` varchar(255), `created_at` datetime NOT NULL, `updated_at` datetime NOT NULL) ENGINE=InnoDB[0m
  [1m[35m (0.1ms)[0m  [1m[35mBEGIN[0m
  [1m[35mSQL (0.1ms)[0m  [1m[32mINSERT INTO `schema_migrations` (`version`) VALUES ('20180527032244')[0m
  [1m[35m (3.5ms)[0m  [1m[35mCOMMIT[0m
Migrating to CreateSubAreas (20180527032312)
  [1m[35m (26.6ms)[0m  [1m[35mCREATE TABLE `sub_areas` (`id` bigint NOT NULL AUTO_INCREMENT PRIMARY KEY, `name` varchar(255), `area_id` bigint, `sub_area_id` bigint, `created_at` datetime NOT NULL, `updated_at` datetime NOT NULL,  INDEX `index_sub_areas_on_area_id`  (`area_id`),  INDEX `index_sub_areas_on_sub_area_id`  (`sub_area_id`), CONSTRAINT `fk_rails_056813470f`
FOREIGN KEY (`area_id`)
  REFERENCES `areas` (`id`)
, CONSTRAINT `fk_rails_0817c5a7cb`
FOREIGN KEY (`sub_area_id`)
  REFERENCES `sub_areas` (`id`)
) ENGINE=InnoDB[0m
  [1m[35m (0.1ms)[0m  [1m[35mBEGIN[0m
  [1m[35mSQL (0.1ms)[0m  [1m[32mINSERT INTO `schema_migrations` (`version`) VALUES ('20180527032312')[0m
  [1m[35m (0.9ms)[0m  [1m[35mCOMMIT[0m
Migrating to CreateMatches (20180527032353)
  [1m[35m (26.4ms)[0m  [1m[35mCREATE TABLE `matches` (`id` bigint NOT NULL AUTO_INCREMENT PRIMARY KEY, `first_user_id` bigint, `first_like` tinyint(1), `second_user_id` bigint, `second_like` tinyint(1), `created_at` datetime NOT NULL, `updated_at` datetime NOT NULL,  INDEX `index_matches_on_first_user_id`  (`first_user_id`),  INDEX `index_matches_on_second_user_id`  (`second_user_id`)) ENGINE=InnoDB[0m
  [1m[35m (0.1ms)[0m  [1m[35mBEGIN[0m
  [1m[35mSQL (0.1ms)[0m  [1m[32mINSERT INTO `schema_migrations` (`version`) VALUES ('20180527032353')[0m
  [1m[35m (1.8ms)[0m  [1m[35mCOMMIT[0m
Migrating to CreateChats (20180527032420)
  [1m[35m (26.5ms)[0m  [1m[35mCREATE TABLE `chats` (`id` bigint NOT NULL AUTO_INCREMENT PRIMARY KEY, `match_id` bigint, `created_at` datetime NOT NULL, `updated_at` datetime NOT NULL,  INDEX `index_chats_on_match_id`  (`match_id`), CONSTRAINT `fk_rails_39e7ba5eee`
FOREIGN KEY (`match_id`)
  REFERENCES `matches` (`id`)
) ENGINE=InnoDB[0m
  [1m[35m (0.1ms)[0m  [1m[35mBEGIN[0m
  [1m[35mSQL (0.1ms)[0m  [1m[32mINSERT INTO `schema_migrations` (`version`) VALUES ('20180527032420')[0m
  [1m[35m (0.9ms)[0m  [1m[35mCOMMIT[0m
Migrating to AddChatToMatch (20180527032447)
  [1m[35m (34.6ms)[0m  [1m[35mALTER TABLE `matches` ADD `chat_id` bigint[0m
  [1m[35m (13.2ms)[0m  [1m[35mCREATE  INDEX `index_matches_on_chat_id`  ON `matches` (`chat_id`) [0m
  [1m[35m (51.1ms)[0m  [1m[35mALTER TABLE `matches` ADD CONSTRAINT `fk_rails_8b5139a0e0`
FOREIGN KEY (`chat_id`)
  REFERENCES `chats` (`id`)
[0m
  [1m[35m (0.2ms)[0m  [1m[35mBEGIN[0m
  [1m[35mSQL (0.2ms)[0m  [1m[32mINSERT INTO `schema_migrations` (`version`) VALUES ('20180527032447')[0m
  [1m[35m (1.9ms)[0m  [1m[35mCOMMIT[0m
Migrating to CreateMessages (20180527032513)
  [1m[35m (23.2ms)[0m  [1m[35mCREATE TABLE `messages` (`id` bigint NOT NULL AUTO_INCREMENT PRIMARY KEY, `chat_id` bigint, `user_id` bigint, `content` text, `created_at` datetime NOT NULL, `updated_at` datetime NOT NULL,  INDEX `index_messages_on_chat_id`  (`chat_id`),  INDEX `index_messages_on_user_id`  (`user_id`), CONSTRAINT `fk_rails_0f670de7ba`
FOREIGN KEY (`chat_id`)
  REFERENCES `chats` (`id`)
, CONSTRAINT `fk_rails_273a25a7a6`
FOREIGN KEY (`user_id`)
  REFERENCES `users` (`id`)
) ENGINE=InnoDB[0m
  [1m[35m (0.1ms)[0m  [1m[35mBEGIN[0m
  [1m[35mSQL (0.2ms)[0m  [1m[32mINSERT INTO `schema_migrations` (`version`) VALUES ('20180527032513')[0m
  [1m[35m (1.8ms)[0m  [1m[35mCOMMIT[0m
Migrating to CreatePreferences (20180527032547)
  [1m[35m (24.1ms)[0m  [1m[35mCREATE TABLE `preferences` (`id` bigint NOT NULL AUTO_INCREMENT PRIMARY KEY, `sub_area_id` bigint, `creator_id` bigint, `content` varchar(255), `created_at` datetime NOT NULL, `updated_at` datetime NOT NULL,  INDEX `index_preferences_on_sub_area_id`  (`sub_area_id`),  INDEX `index_preferences_on_creator_id`  (`creator_id`), CONSTRAINT `fk_rails_8f37948924`
FOREIGN KEY (`sub_area_id`)
  REFERENCES `sub_areas` (`id`)
) ENGINE=InnoDB[0m
  [1m[35m (0.1ms)[0m  [1m[35mBEGIN[0m
  [1m[35mSQL (0.2ms)[0m  [1m[32mINSERT INTO `schema_migrations` (`version`) VALUES ('20180527032547')[0m
  [1m[35m (1.8ms)[0m  [1m[35mCOMMIT[0m
Migrating to CreateJoinTableUsersPreferences (20180527032606)
  [1m[35m (19.5ms)[0m  [1m[35mCREATE TABLE `preferences_users` (`user_id` bigint NOT NULL, `preference_id` bigint NOT NULL) ENGINE=InnoDB[0m
  [1m[35m (0.1ms)[0m  [1m[35mBEGIN[0m
  [1m[35mSQL (0.2ms)[0m  [1m[32mINSERT INTO `schema_migrations` (`version`) VALUES ('20180527032606')[0m
  [1m[35m (1.9ms)[0m  [1m[35mCOMMIT[0m
  [1m[36mActiveRecord::InternalMetadata Load (0.3ms)[0m  [1m[34mSELECT  `ar_internal_metadata`.* FROM `ar_internal_metadata` WHERE `ar_internal_metadata`.`key` = 'environment' LIMIT 1[0m
  [1m[35m (2.5ms)[0m  [1m[35mBEGIN[0m
  [1m[35mSQL (0.2ms)[0m  [1m[32mINSERT INTO `ar_internal_metadata` (`key`, `value`, `created_at`, `updated_at`) VALUES ('environment', 'development', '2018-05-27 03:37:58', '2018-05-27 03:37:58')[0m
  [1m[35m (2.1ms)[0m  [1m[35mCOMMIT[0m
  [1m[35m (0.1ms)[0m  [1m[34mSELECT RELEASE_LOCK('4692374284095839670')[0m
  [1m[35m (0.2ms)[0m  [1m[34mSELECT `schema_migrations`.`version` FROM `schema_migrations` ORDER BY `schema_migrations`.`version` ASC[0m
  [1m[35m (0.2ms)[0m  [1m[35mBEGIN[0m
  [1m[36mUser Exists (0.3ms)[0m  [1m[34mSELECT  1 AS one FROM `users` WHERE `users`.`email` = BINARY 'kay_ortiz@runolfonnicolas.net' AND `users`.`provider` = 'email' LIMIT 1[0m
  [1m[35m (0.1ms)[0m  [1m[31mROLLBACK[0m
  [1m[35m (0.1ms)[0m  [1m[35mBEGIN[0m
  [1m[36mUser Exists (0.3ms)[0m  [1m[34mSELECT  1 AS one FROM `users` WHERE `users`.`email` = BINARY 'hayley_hermann@heathcoteblanda.com' AND `users`.`provider` = 'email' LIMIT 1[0m
  [1m[35m (0.1ms)[0m  [1m[31mROLLBACK[0m
  [1m[35m (0.1ms)[0m  [1m[35mBEGIN[0m
  [1m[36mUser Exists (0.3ms)[0m  [1m[34mSELECT  1 AS one FROM `users` WHERE `users`.`email` = BINARY 'frankie.predovic@okuneva.co' AND `users`.`provider` = 'email' LIMIT 1[0m
  [1m[35m (0.1ms)[0m  [1m[31mROLLBACK[0m
  [1m[35m (0.1ms)[0m  [1m[35mBEGIN[0m
  [1m[36mUser Exists (0.3ms)[0m  [1m[34mSELECT  1 AS one FROM `users` WHERE `users`.`email` = BINARY 'wilburn@corwinromaguera.net' AND `users`.`provider` = 'email' LIMIT 1[0m
  [1m[35m (0.1ms)[0m  [1m[31mROLLBACK[0m
  [1m[35m (0.1ms)[0m  [1m[35mBEGIN[0m
  [1m[36mUser Exists (0.3ms)[0m  [1m[34mSELECT  1 AS one FROM `users` WHERE `users`.`email` = BINARY 'graciela_leannon@larkin.info' AND `users`.`provider` = 'email' LIMIT 1[0m
  [1m[35m (0.1ms)[0m  [1m[31mROLLBACK[0m
  [1m[35m (0.1ms)[0m  [1m[35mBEGIN[0m
  [1m[36mUser Exists (0.3ms)[0m  [1m[34mSELECT  1 AS one FROM `users` WHERE `users`.`email` = BINARY 'leola.herzog@maggiofunk.net' AND `users`.`provider` = 'email' LIMIT 1[0m
  [1m[35m (0.1ms)[0m  [1m[31mROLLBACK[0m
  [1m[35m (0.1ms)[0m  [1m[35mBEGIN[0m
  [1m[36mUser Exists (0.3ms)[0m  [1m[34mSELECT  1 AS one FROM `users` WHERE `users`.`email` = BINARY 'verna.kozey@goyette.net' AND `users`.`provider` = 'email' LIMIT 1[0m
  [1m[35m (0.1ms)[0m  [1m[31mROLLBACK[0m
  [1m[35m (0.1ms)[0m  [1m[35mBEGIN[0m
  [1m[36mUser Exists (0.3ms)[0m  [1m[34mSELECT  1 AS one FROM `users` WHERE `users`.`email` = BINARY 'aunta@daviswatsica.co' AND `users`.`provider` = 'email' LIMIT 1[0m
  [1m[35m (0.1ms)[0m  [1m[31mROLLBACK[0m
  [1m[35m (0.1ms)[0m  [1m[35mBEGIN[0m
  [1m[36mUser Exists (0.3ms)[0m  [1m[34mSELECT  1 AS one FROM `users` WHERE `users`.`email` = BINARY 'london.schaefer@donnelly.net' AND `users`.`provider` = 'email' LIMIT 1[0m
  [1m[35m (0.1ms)[0m  [1m[31mROLLBACK[0m
  [1m[35m (0.2ms)[0m  [1m[35mBEGIN[0m
  [1m[36mUser Exists (0.3ms)[0m  [1m[34mSELECT  1 AS one FROM `users` WHERE `users`.`email` = BINARY 'sydni_powlowski@maggio.co' AND `users`.`provider` = 'email' LIMIT 1[0m
  [1m[35m (0.1ms)[0m  [1m[31mROLLBACK[0m
  [1m[35m (0.1ms)[0m  [1m[35mBEGIN[0m
  [1m[35mSQL (0.2ms)[0m  [1m[32mINSERT INTO `areas` (`name`, `created_at`, `updated_at`) VALUES ('Cinema', '2018-05-27 03:37:59', '2018-05-27 03:37:59')[0m
  [1m[35m (4.1ms)[0m  [1m[35mCOMMIT[0m
  [1m[35m (0.1ms)[0m  [1m[35mBEGIN[0m
  [1m[35mSQL (0.2ms)[0m  [1m[32mINSERT INTO `areas` (`name`, `created_at`, `updated_at`) VALUES ('Arte', '2018-05-27 03:37:59', '2018-05-27 03:37:59')[0m
  [1m[35m (3.9ms)[0m  [1m[35mCOMMIT[0m
  [1m[35m (0.1ms)[0m  [1m[35mBEGIN[0m
  [1m[35mSQL (0.1ms)[0m  [1m[32mINSERT INTO `areas` (`name`, `created_at`, `updated_at`) VALUES ('Esportes', '2018-05-27 03:37:59', '2018-05-27 03:37:59')[0m
  [1m[35m (4.0ms)[0m  [1m[35mCOMMIT[0m
  [1m[35m (0.1ms)[0m  [1m[35mBEGIN[0m
  [1m[35mSQL (0.1ms)[0m  [1m[32mINSERT INTO `areas` (`name`, `created_at`, `updated_at`) VALUES ('Hobbies', '2018-05-27 03:37:59', '2018-05-27 03:37:59')[0m
  [1m[35m (4.1ms)[0m  [1m[35mCOMMIT[0m
  [1m[35m (0.1ms)[0m  [1m[35mBEGIN[0m
  [1m[35mSQL (0.2ms)[0m  [1m[32mINSERT INTO `areas` (`name`, `created_at`, `updated_at`) VALUES ('Séries', '2018-05-27 03:37:59', '2018-05-27 03:37:59')[0m
  [1m[35m (4.1ms)[0m  [1m[35mCOMMIT[0m
  [1m[35m (0.1ms)[0m  [1m[35mBEGIN[0m
  [1m[35mSQL (0.1ms)[0m  [1m[32mINSERT INTO `areas` (`name`, `created_at`, `updated_at`) VALUES ('Signos', '2018-05-27 03:37:59', '2018-05-27 03:37:59')[0m
  [1m[35m (1.8ms)[0m  [1m[35mCOMMIT[0m
  [1m[36mArea Load (0.2ms)[0m  [1m[34mSELECT  `areas`.* FROM `areas` WHERE `areas`.`id` = 2 LIMIT 1[0m
  [1m[35m (0.1ms)[0m  [1m[35mBEGIN[0m
  [1m[35mSQL (0.2ms)[0m  [1m[32mINSERT INTO `sub_areas` (`name`, `area_id`, `created_at`, `updated_at`) VALUES ('Artista', 2, '2018-05-27 03:37:59', '2018-05-27 03:37:59')[0m
  [1m[35m (2.2ms)[0m  [1m[35mCOMMIT[0m
  [1m[36mArea Load (0.1ms)[0m  [1m[34mSELECT  `areas`.* FROM `areas` WHERE `areas`.`id` = 2 LIMIT 1[0m
  [1m[36mSubArea Load (0.2ms)[0m  [1m[34mSELECT  `sub_areas`.* FROM `sub_areas` ORDER BY `sub_areas`.`id` ASC LIMIT 1[0m
  [1m[35m (0.1ms)[0m  [1m[35mBEGIN[0m
  [1m[35mSQL (0.2ms)[0m  [1m[32mINSERT INTO `sub_areas` (`name`, `area_id`, `sub_area_id`, `created_at`, `updated_at`) VALUES ('Pintores', 2, 1, '2018-05-27 03:37:59', '2018-05-27 03:37:59')[0m
  [1m[35m (3.3ms)[0m  [1m[35mCOMMIT[0m
  [1m[36mSubArea Load (0.2ms)[0m  [1m[34mSELECT  `sub_areas`.* FROM `sub_areas` ORDER BY `sub_areas`.`id` DESC LIMIT 1[0m
  [1m[35m (0.1ms)[0m  [1m[35mBEGIN[0m
  [1m[35mSQL (0.2ms)[0m  [1m[32mINSERT INTO `preferences` (`sub_area_id`, `content`, `created_at`, `updated_at`) VALUES (2, 'Van Gogh', '2018-05-27 03:37:59', '2018-05-27 03:37:59')[0m
  [1m[35m (1.8ms)[0m  [1m[35mCOMMIT[0m
  [1m[36mSubArea Load (0.1ms)[0m  [1m[34mSELECT  `sub_areas`.* FROM `sub_areas` ORDER BY `sub_areas`.`id` DESC LIMIT 1[0m
  [1m[35m (0.1ms)[0m  [1m[35mBEGIN[0m
  [1m[35mSQL (0.1ms)[0m  [1m[32mINSERT INTO `preferences` (`sub_area_id`, `content`, `created_at`, `updated_at`) VALUES (2, 'Picasso', '2018-05-27 03:37:59', '2018-05-27 03:37:59')[0m
  [1m[35m (3.8ms)[0m  [1m[35mCOMMIT[0m
  [1m[36mArea Load (0.2ms)[0m  [1m[34mSELECT  `areas`.* FROM `areas` WHERE `areas`.`id` = 1 LIMIT 1[0m
  [1m[35m (0.1ms)[0m  [1m[35mBEGIN[0m
  [1m[35mSQL (0.2ms)[0m  [1m[32mINSERT INTO `sub_areas` (`name`, `area_id`, `created_at`, `updated_at`) VALUES ('Diretores', 1, '2018-05-27 03:37:59', '2018-05-27 03:37:59')[0m
  [1m[35m (4.0ms)[0m  [1m[35mCOMMIT[0m
  [1m[36mSubArea Load (0.2ms)[0m  [1m[34mSELECT  `sub_areas`.* FROM `sub_areas` ORDER BY `sub_areas`.`id` DESC LIMIT 1[0m
  [1m[35m (0.1ms)[0m  [1m[35mBEGIN[0m
  [1m[35mSQL (0.2ms)[0m  [1m[32mINSERT INTO `preferences` (`sub_area_id`, `content`, `created_at`, `updated_at`) VALUES (3, 'Quentin Tarantino', '2018-05-27 03:37:59', '2018-05-27 03:37:59')[0m
  [1m[35m (4.1ms)[0m  [1m[35mCOMMIT[0m
  [1m[36mSubArea Load (0.1ms)[0m  [1m[34mSELECT  `sub_areas`.* FROM `sub_areas` ORDER BY `sub_areas`.`id` DESC LIMIT 1[0m
  [1m[35m (0.1ms)[0m  [1m[35mBEGIN[0m
  [1m[35mSQL (0.3ms)[0m  [1m[32mINSERT INTO `preferences` (`sub_area_id`, `content`, `created_at`, `updated_at`) VALUES (3, 'Peter Jackson', '2018-05-27 03:37:59', '2018-05-27 03:37:59')[0m
  [1m[35m (3.8ms)[0m  [1m[35mCOMMIT[0m
  [1m[35m (0.1ms)[0m  [1m[35mSET NAMES utf8,  @@SESSION.sql_mode = CONCAT(CONCAT(@@sql_mode, ',STRICT_ALL_TABLES'), ',NO_AUTO_VALUE_ON_ZERO'),  @@SESSION.sql_auto_is_null = 0, @@SESSION.wait_timeout = 2147483[0m
  [1m[35m (0.2ms)[0m  [1m[35mSET NAMES utf8,  @@SESSION.sql_mode = CONCAT(CONCAT(@@sql_mode, ',STRICT_ALL_TABLES'), ',NO_AUTO_VALUE_ON_ZERO'),  @@SESSION.sql_auto_is_null = 0, @@SESSION.wait_timeout = 2147483[0m
  [1m[36mArea Load (0.2ms)[0m  [1m[34mSELECT  `areas`.* FROM `areas` LIMIT 11[0m
  [1m[35m (0.2ms)[0m  [1m[35mSET NAMES utf8,  @@SESSION.sql_mode = CONCAT(CONCAT(@@sql_mode, ',STRICT_ALL_TABLES'), ',NO_AUTO_VALUE_ON_ZERO'),  @@SESSION.sql_auto_is_null = 0, @@SESSION.wait_timeout = 2147483[0m
  [1m[35m (0.2ms)[0m  [1m[35mSET NAMES utf8,  @@SESSION.sql_mode = CONCAT(CONCAT(@@sql_mode, ',STRICT_ALL_TABLES'), ',NO_AUTO_VALUE_ON_ZERO'),  @@SESSION.sql_auto_is_null = 0, @@SESSION.wait_timeout = 2147483[0m
  [1m[35m (0.2ms)[0m  [1m[35mSET NAMES utf8,  @@SESSION.sql_mode = CONCAT(CONCAT(@@sql_mode, ',STRICT_ALL_TABLES'), ',NO_AUTO_VALUE_ON_ZERO'),  @@SESSION.sql_auto_is_null = 0, @@SESSION.wait_timeout = 2147483[0m
  [1m[36mArea Load (0.2ms)[0m  [1m[34mSELECT `areas`.* FROM `areas`[0m
  [1m[36mSubArea Load (0.4ms)[0m  [1m[34mSELECT `sub_areas`.* FROM `sub_areas`[0m
  [1m[36mSubArea Load (0.3ms)[0m  [1m[34mSELECT  `sub_areas`.* FROM `sub_areas` ORDER BY `sub_areas`.`id` ASC LIMIT 1[0m
  [1m[36mPreference Load (0.3ms)[0m  [1m[34mSELECT `preferences`.* FROM `preferences` WHERE `preferences`.`sub_area_id` = 1[0m
  [1m[36mSubArea Load (0.2ms)[0m  [1m[34mSELECT  `sub_areas`.* FROM `sub_areas` ORDER BY `sub_areas`.`id` DESC LIMIT 1[0m
  [1m[36mPreference Load (0.2ms)[0m  [1m[34mSELECT `preferences`.* FROM `preferences` WHERE `preferences`.`sub_area_id` = 3[0m
  [1m[36mUser Load (0.2ms)[0m  [1m[34mSELECT  `users`.* FROM `users` WHERE `users`.`id` = 1 LIMIT 1[0m
  [1m[36mUser Load (0.3ms)[0m  [1m[34mSELECT `users`.* FROM `users`[0m
  [1m[35m (0.2ms)[0m  [1m[35mSET NAMES utf8,  @@SESSION.sql_mode = CONCAT(CONCAT(@@sql_mode, ',STRICT_ALL_TABLES'), ',NO_AUTO_VALUE_ON_ZERO'),  @@SESSION.sql_auto_is_null = 0, @@SESSION.wait_timeout = 2147483[0m
  [1m[35m (0.1ms)[0m  [1m[34mSELECT `schema_migrations`.`version` FROM `schema_migrations` ORDER BY `schema_migrations`.`version` ASC[0m
  [1m[35m (0.2ms)[0m  [1m[34mSELECT `ar_internal_metadata`.`value` FROM `ar_internal_metadata` WHERE `ar_internal_metadata`.`key` = 'environment'[0m
  [1m[35m (0.1ms)[0m  [1m[34mSELECT `schema_migrations`.`version` FROM `schema_migrations` ORDER BY `schema_migrations`.`version` ASC[0m
  [1m[35m (0.1ms)[0m  [1m[34mSELECT `ar_internal_metadata`.`value` FROM `ar_internal_metadata` WHERE `ar_internal_metadata`.`key` = 'environment'[0m
  [1m[35m (0.1ms)[0m  [1m[34mSELECT `schema_migrations`.`version` FROM `schema_migrations` ORDER BY `schema_migrations`.`version` ASC[0m
  [1m[35m (0.1ms)[0m  [1m[34mSELECT `ar_internal_metadata`.`value` FROM `ar_internal_metadata` WHERE `ar_internal_metadata`.`key` = 'environment'[0m
  [1m[35m (0.1ms)[0m  [1m[35mSET NAMES utf8,  @@SESSION.sql_mode = CONCAT(CONCAT(@@sql_mode, ',STRICT_ALL_TABLES'), ',NO_AUTO_VALUE_ON_ZERO'),  @@SESSION.sql_auto_is_null = 0, @@SESSION.wait_timeout = 2147483[0m
  [1m[35m (74.5ms)[0m  [1m[35mDROP DATABASE IF EXISTS `winter-api_development`[0m
  [1m[35m (0.1ms)[0m  [1m[35mSET NAMES utf8,  @@SESSION.sql_mode = CONCAT(CONCAT(@@sql_mode, ',STRICT_ALL_TABLES'), ',NO_AUTO_VALUE_ON_ZERO'),  @@SESSION.sql_auto_is_null = 0, @@SESSION.wait_timeout = 2147483[0m
  [1m[35m (3.3ms)[0m  [1m[35mDROP DATABASE IF EXISTS `winter-api_test`[0m
  [1m[35m (0.1ms)[0m  [1m[35mSET NAMES utf8,  @@SESSION.sql_mode = CONCAT(CONCAT(@@sql_mode, ',STRICT_ALL_TABLES'), ',NO_AUTO_VALUE_ON_ZERO'),  @@SESSION.sql_auto_is_null = 0, @@SESSION.wait_timeout = 2147483[0m
  [1m[35m (0.1ms)[0m  [1m[35mCREATE DATABASE `winter-api_development` DEFAULT CHARACTER SET `utf8`[0m
  [1m[35m (0.1ms)[0m  [1m[35mSET NAMES utf8,  @@SESSION.sql_mode = CONCAT(CONCAT(@@sql_mode, ',STRICT_ALL_TABLES'), ',NO_AUTO_VALUE_ON_ZERO'),  @@SESSION.sql_auto_is_null = 0, @@SESSION.wait_timeout = 2147483[0m
  [1m[35m (0.1ms)[0m  [1m[35mCREATE DATABASE `winter-api_test` DEFAULT CHARACTER SET `utf8`[0m
  [1m[35m (0.1ms)[0m  [1m[35mSET NAMES utf8,  @@SESSION.sql_mode = CONCAT(CONCAT(@@sql_mode, ',STRICT_ALL_TABLES'), ',NO_AUTO_VALUE_ON_ZERO'),  @@SESSION.sql_auto_is_null = 0, @@SESSION.wait_timeout = 2147483[0m
  [1m[35m (20.5ms)[0m  [1m[35mCREATE TABLE `schema_migrations` (`version` varchar(255) NOT NULL PRIMARY KEY) ENGINE=InnoDB[0m
  [1m[35m (14.3ms)[0m  [1m[35mCREATE TABLE `ar_internal_metadata` (`key` varchar(255) NOT NULL PRIMARY KEY, `value` varchar(255), `created_at` datetime NOT NULL, `updated_at` datetime NOT NULL) ENGINE=InnoDB[0m
  [1m[35m (0.1ms)[0m  [1m[34mSELECT GET_LOCK('4692374284095839670', 0)[0m
  [1m[35m (0.3ms)[0m  [1m[34mSELECT `schema_migrations`.`version` FROM `schema_migrations` ORDER BY `schema_migrations`.`version` ASC[0m
Migrating to DeviseTokenAuthCreateUsers (20180527032211)
  [1m[35m (18.7ms)[0m  [1m[35mCREATE TABLE `users` (`id` bigint NOT NULL AUTO_INCREMENT PRIMARY KEY, `provider` varchar(255) DEFAULT 'email' NOT NULL, `uid` varchar(255) DEFAULT '' NOT NULL, `encrypted_password` varchar(255) DEFAULT '' NOT NULL, `reset_password_token` varchar(255), `reset_password_sent_at` datetime, `allow_password_change` tinyint(1) DEFAULT 0, `remember_created_at` datetime, `sign_in_count` int DEFAULT 0 NOT NULL, `current_sign_in_at` datetime, `last_sign_in_at` datetime, `current_sign_in_ip` varchar(255), `last_sign_in_ip` varchar(255), `confirmation_token` varchar(255), `confirmed_at` datetime, `confirmation_sent_at` datetime, `unconfirmed_email` varchar(255), `name` varchar(255), `nickname` varchar(255), `image` varchar(255), `email` varchar(255), `tokens` text, `sex` int, `sex_preference` int, `about` text, `birthday` date, `created_at` datetime NOT NULL, `updated_at` datetime NOT NULL) ENGINE=InnoDB[0m
  [1m[35m (6.8ms)[0m  [1m[35mCREATE UNIQUE INDEX `index_users_on_email`  ON `users` (`email`) [0m
  [1m[35m (20.3ms)[0m  [1m[35mCREATE UNIQUE INDEX `index_users_on_uid_and_provider`  ON `users` (`uid`, `provider`) [0m
  [1m[35m (8.7ms)[0m  [1m[35mCREATE UNIQUE INDEX `index_users_on_reset_password_token`  ON `users` (`reset_password_token`) [0m
  [1m[35m (15.7ms)[0m  [1m[35mCREATE UNIQUE INDEX `index_users_on_confirmation_token`  ON `users` (`confirmation_token`) [0m
  [1m[35m (0.6ms)[0m  [1m[35mBEGIN[0m
  [1m[35mSQL (0.1ms)[0m  [1m[32mINSERT INTO `schema_migrations` (`version`) VALUES ('20180527032211')[0m
  [1m[35m (4.2ms)[0m  [1m[35mCOMMIT[0m
Migrating to CreateAreas (20180527032244)
  [1m[35m (15.3ms)[0m  [1m[35mCREATE TABLE `areas` (`id` bigint NOT NULL AUTO_INCREMENT PRIMARY KEY, `name` varchar(255), `created_at` datetime NOT NULL, `updated_at` datetime NOT NULL) ENGINE=InnoDB[0m
  [1m[35m (0.1ms)[0m  [1m[35mBEGIN[0m
  [1m[35mSQL (0.2ms)[0m  [1m[32mINSERT INTO `schema_migrations` (`version`) VALUES ('20180527032244')[0m
  [1m[35m (7.3ms)[0m  [1m[35mCOMMIT[0m
Migrating to CreateSubAreas (20180527032312)
  [1m[35m (31.2ms)[0m  [1m[35mCREATE TABLE `sub_areas` (`id` bigint NOT NULL AUTO_INCREMENT PRIMARY KEY, `name` varchar(255), `area_id` bigint, `sub_area_id` bigint, `created_at` datetime NOT NULL, `updated_at` datetime NOT NULL,  INDEX `index_sub_areas_on_area_id`  (`area_id`),  INDEX `index_sub_areas_on_sub_area_id`  (`sub_area_id`), CONSTRAINT `fk_rails_056813470f`
FOREIGN KEY (`area_id`)
  REFERENCES `areas` (`id`)
, CONSTRAINT `fk_rails_0817c5a7cb`
FOREIGN KEY (`sub_area_id`)
  REFERENCES `sub_areas` (`id`)
) ENGINE=InnoDB[0m
  [1m[35m (0.1ms)[0m  [1m[35mBEGIN[0m
  [1m[35mSQL (0.1ms)[0m  [1m[32mINSERT INTO `schema_migrations` (`version`) VALUES ('20180527032312')[0m
  [1m[35m (3.8ms)[0m  [1m[35mCOMMIT[0m
Migrating to CreateMatches (20180527032353)
  [1m[35m (28.6ms)[0m  [1m[35mCREATE TABLE `matches` (`id` bigint NOT NULL AUTO_INCREMENT PRIMARY KEY, `first_user_id` bigint, `first_like` tinyint(1), `second_user_id` bigint, `second_like` tinyint(1), `created_at` datetime NOT NULL, `updated_at` datetime NOT NULL,  INDEX `index_matches_on_first_user_id`  (`first_user_id`),  INDEX `index_matches_on_second_user_id`  (`second_user_id`)) ENGINE=InnoDB[0m
  [1m[35m (0.1ms)[0m  [1m[35mBEGIN[0m
  [1m[35mSQL (0.2ms)[0m  [1m[32mINSERT INTO `schema_migrations` (`version`) VALUES ('20180527032353')[0m
  [1m[35m (3.7ms)[0m  [1m[35mCOMMIT[0m
Migrating to CreateChats (20180527032420)
  [1m[35m (21.2ms)[0m  [1m[35mCREATE TABLE `chats` (`id` bigint NOT NULL AUTO_INCREMENT PRIMARY KEY, `match_id` bigint, `created_at` datetime NOT NULL, `updated_at` datetime NOT NULL,  INDEX `index_chats_on_match_id`  (`match_id`), CONSTRAINT `fk_rails_39e7ba5eee`
FOREIGN KEY (`match_id`)
  REFERENCES `matches` (`id`)
) ENGINE=InnoDB[0m
  [1m[35m (0.1ms)[0m  [1m[35mBEGIN[0m
  [1m[35mSQL (0.2ms)[0m  [1m[32mINSERT INTO `schema_migrations` (`version`) VALUES ('20180527032420')[0m
  [1m[35m (3.6ms)[0m  [1m[35mCOMMIT[0m
Migrating to AddChatToMatch (20180527032447)
  [1m[35m (37.8ms)[0m  [1m[35mALTER TABLE `matches` ADD `chat_id` bigint[0m
  [1m[35m (7.0ms)[0m  [1m[35mCREATE  INDEX `index_matches_on_chat_id`  ON `matches` (`chat_id`) [0m
  [1m[35m (52.9ms)[0m  [1m[35mALTER TABLE `matches` ADD CONSTRAINT `fk_rails_8b5139a0e0`
FOREIGN KEY (`chat_id`)
  REFERENCES `chats` (`id`)
[0m
  [1m[35m (0.1ms)[0m  [1m[35mBEGIN[0m
  [1m[35mSQL (0.2ms)[0m  [1m[32mINSERT INTO `schema_migrations` (`version`) VALUES ('20180527032447')[0m
  [1m[35m (1.0ms)[0m  [1m[35mCOMMIT[0m
Migrating to CreateMessages (20180527032513)
  [1m[35m (26.4ms)[0m  [1m[35mCREATE TABLE `messages` (`id` bigint NOT NULL AUTO_INCREMENT PRIMARY KEY, `chat_id` bigint, `user_id` bigint, `content` text, `created_at` datetime NOT NULL, `updated_at` datetime NOT NULL,  INDEX `index_messages_on_chat_id`  (`chat_id`),  INDEX `index_messages_on_user_id`  (`user_id`), CONSTRAINT `fk_rails_0f670de7ba`
FOREIGN KEY (`chat_id`)
  REFERENCES `chats` (`id`)
, CONSTRAINT `fk_rails_273a25a7a6`
FOREIGN KEY (`user_id`)
  REFERENCES `users` (`id`)
) ENGINE=InnoDB[0m
  [1m[35m (0.1ms)[0m  [1m[35mBEGIN[0m
  [1m[35mSQL (0.2ms)[0m  [1m[32mINSERT INTO `schema_migrations` (`version`) VALUES ('20180527032513')[0m
  [1m[35m (1.7ms)[0m  [1m[35mCOMMIT[0m
Migrating to CreatePreferences (20180527032547)
  [1m[35m (26.3ms)[0m  [1m[35mCREATE TABLE `preferences` (`id` bigint NOT NULL AUTO_INCREMENT PRIMARY KEY, `sub_area_id` bigint, `creator_id` bigint, `content` varchar(255), `created_at` datetime NOT NULL, `updated_at` datetime NOT NULL,  INDEX `index_preferences_on_sub_area_id`  (`sub_area_id`),  INDEX `index_preferences_on_creator_id`  (`creator_id`), CONSTRAINT `fk_rails_8f37948924`
FOREIGN KEY (`sub_area_id`)
  REFERENCES `sub_areas` (`id`)
) ENGINE=InnoDB[0m
  [1m[35m (0.1ms)[0m  [1m[35mBEGIN[0m
  [1m[35mSQL (0.1ms)[0m  [1m[32mINSERT INTO `schema_migrations` (`version`) VALUES ('20180527032547')[0m
  [1m[35m (0.9ms)[0m  [1m[35mCOMMIT[0m
Migrating to CreateJoinTableUsersPreferences (20180527032606)
  [1m[35m (23.9ms)[0m  [1m[35mCREATE TABLE `preferences_users` (`user_id` bigint NOT NULL, `preference_id` bigint NOT NULL) ENGINE=InnoDB[0m
  [1m[35m (0.1ms)[0m  [1m[35mBEGIN[0m
  [1m[35mSQL (0.2ms)[0m  [1m[32mINSERT INTO `schema_migrations` (`version`) VALUES ('20180527032606')[0m
  [1m[35m (3.8ms)[0m  [1m[35mCOMMIT[0m
  [1m[36mActiveRecord::InternalMetadata Load (0.4ms)[0m  [1m[34mSELECT  `ar_internal_metadata`.* FROM `ar_internal_metadata` WHERE `ar_internal_metadata`.`key` = 'environment' LIMIT 1[0m
  [1m[35m (0.1ms)[0m  [1m[35mBEGIN[0m
  [1m[35mSQL (0.2ms)[0m  [1m[32mINSERT INTO `ar_internal_metadata` (`key`, `value`, `created_at`, `updated_at`) VALUES ('environment', 'development', '2018-05-27 03:41:44', '2018-05-27 03:41:44')[0m
  [1m[35m (2.9ms)[0m  [1m[35mCOMMIT[0m
  [1m[35m (0.1ms)[0m  [1m[34mSELECT RELEASE_LOCK('4692374284095839670')[0m
  [1m[35m (0.2ms)[0m  [1m[34mSELECT `schema_migrations`.`version` FROM `schema_migrations` ORDER BY `schema_migrations`.`version` ASC[0m
  [1m[35m (0.2ms)[0m  [1m[35mBEGIN[0m
  [1m[36mUser Exists (0.3ms)[0m  [1m[34mSELECT  1 AS one FROM `users` WHERE `users`.`email` = BINARY 'sammie.cruickshank@wolffmurphy.co' AND `users`.`provider` = 'email' LIMIT 1[0m
  [1m[35mSQL (0.2ms)[0m  [1m[32mINSERT INTO `users` (`uid`, `encrypted_password`, `name`, `email`, `tokens`, `sex`, `sex_preference`, `about`, `birthday`, `created_at`, `updated_at`) VALUES ('sammie.cruickshank@wolffmurphy.co', '$2a$11$Ye5hyWo/hADxeOFhfIE5geoC.XFrociPJOfqMgiqX13QZIplH0P56', 'Ronny Williamson', 'sammie.cruickshank@wolffmurphy.co', '{}', 2, 0, 'May the wind under your wings bear you where the sun sails and the moon walks.', '1988-11-25', '2018-05-27 03:41:45', '2018-05-27 03:41:45')[0m
  [1m[35m (2.1ms)[0m  [1m[35mCOMMIT[0m
  [1m[35m (0.1ms)[0m  [1m[35mBEGIN[0m
  [1m[36mUser Exists (0.2ms)[0m  [1m[34mSELECT  1 AS one FROM `users` WHERE `users`.`email` = BINARY 'tremayne@howe.biz' AND `users`.`provider` = 'email' LIMIT 1[0m
  [1m[35mSQL (0.2ms)[0m  [1m[32mINSERT INTO `users` (`uid`, `encrypted_password`, `name`, `email`, `tokens`, `sex`, `sex_preference`, `about`, `birthday`, `created_at`, `updated_at`) VALUES ('tremayne@howe.biz', '$2a$11$iejURH/4X2xVQjfyJ07DfO2G5SM8Ih3AqzC9VZJoCNsT9A/RqvNRW', 'Alexzander Lemke II', 'tremayne@howe.biz', '{}', 1, 0, 'May the hair on your toes never fall out!', '1958-02-09', '2018-05-27 03:41:45', '2018-05-27 03:41:45')[0m
  [1m[35m (1.8ms)[0m  [1m[35mCOMMIT[0m
  [1m[35m (0.1ms)[0m  [1m[35mBEGIN[0m
  [1m[36mUser Exists (0.2ms)[0m  [1m[34mSELECT  1 AS one FROM `users` WHERE `users`.`email` = BINARY 'general.dooley@mills.org' AND `users`.`provider` = 'email' LIMIT 1[0m
  [1m[35mSQL (0.2ms)[0m  [1m[32mINSERT INTO `users` (`uid`, `encrypted_password`, `name`, `email`, `tokens`, `sex`, `sex_preference`, `about`, `birthday`, `created_at`, `updated_at`) VALUES ('general.dooley@mills.org', '$2a$11$9Vo7yufUQXYHYUWMUphvzupJX1Gjh3107.nOo29df5RT0LYhCiWXK', 'Dr. Damian Klein', 'general.dooley@mills.org', '{}', 0, 0, 'So comes snow after fire, and even dragons have their endings.', '1978-10-02', '2018-05-27 03:41:45', '2018-05-27 03:41:45')[0m
  [1m[35m (3.8ms)[0m  [1m[35mCOMMIT[0m
  [1m[35m (0.1ms)[0m  [1m[35mBEGIN[0m
  [1m[36mUser Exists (0.2ms)[0m  [1m[34mSELECT  1 AS one FROM `users` WHERE `users`.`email` = BINARY 'deangelo.adams@johns.info' AND `users`.`provider` = 'email' LIMIT 1[0m
  [1m[35mSQL (0.2ms)[0m  [1m[32mINSERT INTO `users` (`uid`, `encrypted_password`, `name`, `email`, `tokens`, `sex`, `sex_preference`, `about`, `birthday`, `created_at`, `updated_at`) VALUES ('deangelo.adams@johns.info', '$2a$11$TDnRD7ZX1MClZ9jAljCmMOi7/aVTDXlIPWNgsE6107pOC11ahbKim', 'Gertrude Thompson', 'deangelo.adams@johns.info', '{}', 1, 0, 'The road goes ever on and on', '1963-11-02', '2018-05-27 03:41:45', '2018-05-27 03:41:45')[0m
  [1m[35m (3.8ms)[0m  [1m[35mCOMMIT[0m
  [1m[35m (0.2ms)[0m  [1m[35mBEGIN[0m
  [1m[36mUser Exists (0.3ms)[0m  [1m[34mSELECT  1 AS one FROM `users` WHERE `users`.`email` = BINARY 'domingo@mckenziekohler.biz' AND `users`.`provider` = 'email' LIMIT 1[0m
  [1m[35mSQL (0.2ms)[0m  [1m[32mINSERT INTO `users` (`uid`, `encrypted_password`, `name`, `email`, `tokens`, `sex`, `sex_preference`, `about`, `birthday`, `created_at`, `updated_at`) VALUES ('domingo@mckenziekohler.biz', '$2a$11$R9VY.2p3Q/GjK.P9ZUN6X.AGuJmI9SBmNy023Pnhg7yIToTyEZkGq', 'Dr. Garett Konopelski', 'domingo@mckenziekohler.biz', '{}', 0, 2, 'It does not do to leave a live dragon out of your calculations, if you live near him.', '1977-04-30', '2018-05-27 03:41:45', '2018-05-27 03:41:45')[0m
  [1m[35m (3.9ms)[0m  [1m[35mCOMMIT[0m
  [1m[35m (0.1ms)[0m  [1m[35mBEGIN[0m
  [1m[36mUser Exists (0.2ms)[0m  [1m[34mSELECT  1 AS one FROM `users` WHERE `users`.`email` = BINARY 'rodrick@boyle.com' AND `users`.`provider` = 'email' LIMIT 1[0m
  [1m[35mSQL (0.2ms)[0m  [1m[32mINSERT INTO `users` (`uid`, `encrypted_password`, `name`, `email`, `tokens`, `sex`, `sex_preference`, `about`, `birthday`, `created_at`, `updated_at`) VALUES ('rodrick@boyle.com', '$2a$11$c2waASbPn9kIiu6bSMaMOuZCaAHUZmVqXlISOEA3xV4IJABmRVu26', 'Hilda Fritsch', 'rodrick@boyle.com', '{}', 0, 0, 'Where did you go to, if I may ask?\' said Thorin to Gandalf as they rode along.  To look ahead,\' said he.  And what brought you back in the nick of time?\' Looking behind,\' said he.', '1967-10-03', '2018-05-27 03:41:45', '2018-05-27 03:41:45')[0m
  [1m[35m (4.3ms)[0m  [1m[35mCOMMIT[0m
  [1m[35m (0.1ms)[0m  [1m[35mBEGIN[0m
  [1m[36mUser Exists (0.2ms)[0m  [1m[34mSELECT  1 AS one FROM `users` WHERE `users`.`email` = BINARY 'freddy.botsford@bechtelarward.org' AND `users`.`provider` = 'email' LIMIT 1[0m
  [1m[35mSQL (0.2ms)[0m  [1m[32mINSERT INTO `users` (`uid`, `encrypted_password`, `name`, `email`, `tokens`, `sex`, `sex_preference`, `about`, `birthday`, `created_at`, `updated_at`) VALUES ('freddy.botsford@bechtelarward.org', '$2a$11$J41wPQbmceux0pqQ/HOCDOHBQPnomkUeWIfiB8ByoLgVW6T7/mVCi', 'Twila Osinski DVM', 'freddy.botsford@bechtelarward.org', '{}', 1, 0, 'It does not do to leave a live dragon out of your calculations, if you live near him.', '1974-01-02', '2018-05-27 03:41:45', '2018-05-27 03:41:45')[0m
  [1m[35m (4.0ms)[0m  [1m[35mCOMMIT[0m
  [1m[35m (0.1ms)[0m  [1m[35mBEGIN[0m
  [1m[36mUser Exists (0.2ms)[0m  [1m[34mSELECT  1 AS one FROM `users` WHERE `users`.`email` = BINARY 'alfonso.koelpin@bayerlindgren.com' AND `users`.`provider` = 'email' LIMIT 1[0m
  [1m[35mSQL (0.2ms)[0m  [1m[32mINSERT INTO `users` (`uid`, `encrypted_password`, `name`, `email`, `tokens`, `sex`, `sex_preference`, `about`, `birthday`, `created_at`, `updated_at`) VALUES ('alfonso.koelpin@bayerlindgren.com', '$2a$11$XNds8ds5hFWZ0Z1dtdiI/./sja/97DYl.Ob8tZr1Q7npfFgRVgZZy', 'Ara Crooks', 'alfonso.koelpin@bayerlindgren.com', '{}', 0, 2, 'Where did you go to, if I may ask?\' said Thorin to Gandalf as they rode along.  To look ahead,\' said he.  And what brought you back in the nick of time?\' Looking behind,\' said he.', '1968-08-30', '2018-05-27 03:41:45', '2018-05-27 03:41:45')[0m
  [1m[35m (1.8ms)[0m  [1m[35mCOMMIT[0m
  [1m[35m (0.1ms)[0m  [1m[35mBEGIN[0m
  [1m[36mUser Exists (0.2ms)[0m  [1m[34mSELECT  1 AS one FROM `users` WHERE `users`.`email` = BINARY 'garrett@mertz.net' AND `users`.`provider` = 'email' LIMIT 1[0m
  [1m[35mSQL (0.2ms)[0m  [1m[32mINSERT INTO `users` (`uid`, `encrypted_password`, `name`, `email`, `tokens`, `sex`, `sex_preference`, `about`, `birthday`, `created_at`, `updated_at`) VALUES ('garrett@mertz.net', '$2a$11$dEpixS/nRfEXwpY.AwZzWOq0C7Vycspp1.Ya8E4ovb2Ba9iZ6l.XG', 'Anibal Renner', 'garrett@mertz.net', '{}', 0, 1, 'It does not do to leave a live dragon out of your calculations, if you live near him.', '1975-02-06', '2018-05-27 03:41:46', '2018-05-27 03:41:46')[0m
  [1m[35m (1.9ms)[0m  [1m[35mCOMMIT[0m
  [1m[35m (0.1ms)[0m  [1m[35mBEGIN[0m
  [1m[36mUser Exists (0.2ms)[0m  [1m[34mSELECT  1 AS one FROM `users` WHERE `users`.`email` = BINARY 'richard@hayes.net' AND `users`.`provider` = 'email' LIMIT 1[0m
  [1m[35mSQL (0.3ms)[0m  [1m[32mINSERT INTO `users` (`uid`, `encrypted_password`, `name`, `email`, `tokens`, `sex`, `sex_preference`, `about`, `birthday`, `created_at`, `updated_at`) VALUES ('richard@hayes.net', '$2a$11$PV9zlebVX.t0Bm6KuewZAedzjy1wTcYSeXqNanf2nf10cb/F2lqNS', 'Angelica Roob', 'richard@hayes.net', '{}', 0, 0, 'Never laugh at live dragons, Bilbo you fool!', '1999-12-04', '2018-05-27 03:41:46', '2018-05-27 03:41:46')[0m
  [1m[35m (1.9ms)[0m  [1m[35mCOMMIT[0m
  [1m[35m (0.1ms)[0m  [1m[35mBEGIN[0m
  [1m[35mSQL (0.1ms)[0m  [1m[32mINSERT INTO `areas` (`name`, `created_at`, `updated_at`) VALUES ('Cinema', '2018-05-27 03:41:46', '2018-05-27 03:41:46')[0m
  [1m[35m (1.9ms)[0m  [1m[35mCOMMIT[0m
  [1m[35m (0.1ms)[0m  [1m[35mBEGIN[0m
  [1m[35mSQL (0.1ms)[0m  [1m[32mINSERT INTO `areas` (`name`, `created_at`, `updated_at`) VALUES ('Arte', '2018-05-27 03:41:46', '2018-05-27 03:41:46')[0m
  [1m[35m (2.5ms)[0m  [1m[35mCOMMIT[0m
  [1m[35m (0.1ms)[0m  [1m[35mBEGIN[0m
  [1m[35mSQL (0.2ms)[0m  [1m[32mINSERT INTO `areas` (`name`, `created_at`, `updated_at`) VALUES ('Esportes', '2018-05-27 03:41:46', '2018-05-27 03:41:46')[0m
  [1m[35m (2.3ms)[0m  [1m[35mCOMMIT[0m
  [1m[35m (0.1ms)[0m  [1m[35mBEGIN[0m
  [1m[35mSQL (0.2ms)[0m  [1m[32mINSERT INTO `areas` (`name`, `created_at`, `updated_at`) VALUES ('Hobbies', '2018-05-27 03:41:46', '2018-05-27 03:41:46')[0m
  [1m[35m (3.8ms)[0m  [1m[35mCOMMIT[0m
  [1m[35m (0.1ms)[0m  [1m[35mBEGIN[0m
  [1m[35mSQL (0.2ms)[0m  [1m[32mINSERT INTO `areas` (`name`, `created_at`, `updated_at`) VALUES ('Séries', '2018-05-27 03:41:46', '2018-05-27 03:41:46')[0m
  [1m[35m (3.8ms)[0m  [1m[35mCOMMIT[0m
  [1m[35m (0.1ms)[0m  [1m[35mBEGIN[0m
  [1m[35mSQL (0.2ms)[0m  [1m[32mINSERT INTO `areas` (`name`, `created_at`, `updated_at`) VALUES ('Signos', '2018-05-27 03:41:46', '2018-05-27 03:41:46')[0m
  [1m[35m (3.9ms)[0m  [1m[35mCOMMIT[0m
  [1m[36mArea Load (0.2ms)[0m  [1m[34mSELECT  `areas`.* FROM `areas` WHERE `areas`.`id` = 2 LIMIT 1[0m
  [1m[35m (0.1ms)[0m  [1m[35mBEGIN[0m
  [1m[35mSQL (0.2ms)[0m  [1m[32mINSERT INTO `sub_areas` (`name`, `area_id`, `created_at`, `updated_at`) VALUES ('Artista', 2, '2018-05-27 03:41:46', '2018-05-27 03:41:46')[0m
  [1m[35m (4.1ms)[0m  [1m[35mCOMMIT[0m
  [1m[36mArea Load (0.2ms)[0m  [1m[34mSELECT  `areas`.* FROM `areas` WHERE `areas`.`id` = 2 LIMIT 1[0m
  [1m[36mSubArea Load (0.2ms)[0m  [1m[34mSELECT  `sub_areas`.* FROM `sub_areas` ORDER BY `sub_areas`.`id` ASC LIMIT 1[0m
  [1m[35m (0.1ms)[0m  [1m[35mBEGIN[0m
  [1m[35mSQL (0.2ms)[0m  [1m[32mINSERT INTO `sub_areas` (`name`, `area_id`, `sub_area_id`, `created_at`, `updated_at`) VALUES ('Pintores', 2, 1, '2018-05-27 03:41:46', '2018-05-27 03:41:46')[0m
  [1m[35m (3.6ms)[0m  [1m[35mCOMMIT[0m
  [1m[36mSubArea Load (0.2ms)[0m  [1m[34mSELECT  `sub_areas`.* FROM `sub_areas` ORDER BY `sub_areas`.`id` DESC LIMIT 1[0m
  [1m[35m (0.1ms)[0m  [1m[35mBEGIN[0m
  [1m[35mSQL (0.2ms)[0m  [1m[32mINSERT INTO `preferences` (`sub_area_id`, `content`, `created_at`, `updated_at`) VALUES (2, 'Van Gogh', '2018-05-27 03:41:46', '2018-05-27 03:41:46')[0m
  [1m[35m (3.2ms)[0m  [1m[35mCOMMIT[0m
  [1m[36mSubArea Load (0.1ms)[0m  [1m[34mSELECT  `sub_areas`.* FROM `sub_areas` ORDER BY `sub_areas`.`id` DESC LIMIT 1[0m
  [1m[35m (0.1ms)[0m  [1m[35mBEGIN[0m
  [1m[35mSQL (0.1ms)[0m  [1m[32mINSERT INTO `preferences` (`sub_area_id`, `content`, `created_at`, `updated_at`) VALUES (2, 'Picasso', '2018-05-27 03:41:46', '2018-05-27 03:41:46')[0m
  [1m[35m (2.2ms)[0m  [1m[35mCOMMIT[0m
  [1m[36mArea Load (1.6ms)[0m  [1m[34mSELECT  `areas`.* FROM `areas` WHERE `areas`.`id` = 1 LIMIT 1[0m
  [1m[35m (0.1ms)[0m  [1m[35mBEGIN[0m
  [1m[35mSQL (0.1ms)[0m  [1m[32mINSERT INTO `sub_areas` (`name`, `area_id`, `created_at`, `updated_at`) VALUES ('Diretores', 1, '2018-05-27 03:41:46', '2018-05-27 03:41:46')[0m
  [1m[35m (0.9ms)[0m  [1m[35mCOMMIT[0m
  [1m[36mSubArea Load (0.2ms)[0m  [1m[34mSELECT  `sub_areas`.* FROM `sub_areas` ORDER BY `sub_areas`.`id` DESC LIMIT 1[0m
  [1m[35m (0.1ms)[0m  [1m[35mBEGIN[0m
  [1m[35mSQL (0.1ms)[0m  [1m[32mINSERT INTO `preferences` (`sub_area_id`, `content`, `created_at`, `updated_at`) VALUES (3, 'Quentin Tarantino', '2018-05-27 03:41:46', '2018-05-27 03:41:46')[0m
  [1m[35m (1.7ms)[0m  [1m[35mCOMMIT[0m
  [1m[36mSubArea Load (0.1ms)[0m  [1m[34mSELECT  `sub_areas`.* FROM `sub_areas` ORDER BY `sub_areas`.`id` DESC LIMIT 1[0m
  [1m[35m (0.1ms)[0m  [1m[35mBEGIN[0m
  [1m[35mSQL (0.1ms)[0m  [1m[32mINSERT INTO `preferences` (`sub_area_id`, `content`, `created_at`, `updated_at`) VALUES (3, 'Peter Jackson', '2018-05-27 03:41:46', '2018-05-27 03:41:46')[0m
  [1m[35m (1.6ms)[0m  [1m[35mCOMMIT[0m
  [1m[35m (0.2ms)[0m  [1m[35mSET NAMES utf8,  @@SESSION.sql_mode = CONCAT(CONCAT(@@sql_mode, ',STRICT_ALL_TABLES'), ',NO_AUTO_VALUE_ON_ZERO'),  @@SESSION.sql_auto_is_null = 0, @@SESSION.wait_timeout = 2147483[0m
  [1m[35m (0.2ms)[0m  [1m[35mSET NAMES utf8,  @@SESSION.sql_mode = CONCAT(CONCAT(@@sql_mode, ',STRICT_ALL_TABLES'), ',NO_AUTO_VALUE_ON_ZERO'),  @@SESSION.sql_auto_is_null = 0, @@SESSION.wait_timeout = 2147483[0m
  [1m[36mUser Load (0.2ms)[0m  [1m[34mSELECT `users`.* FROM `users`[0m
  [1m[36mSubArea Load (0.3ms)[0m  [1m[34mSELECT `sub_areas`.* FROM `sub_areas`[0m
  [1m[36mUser Load (0.5ms)[0m  [1m[34mSELECT  `users`.* FROM `users` WHERE `users`.`id` = 1 LIMIT 1[0m
  [1m[36mSubArea Load (0.2ms)[0m  [1m[34mSELECT  `sub_areas`.* FROM `sub_areas` ORDER BY `sub_areas`.`id` DESC LIMIT 1[0m
  [1m[36mPreference Load (0.3ms)[0m  [1m[34mSELECT  `preferences`.* FROM `preferences` WHERE `preferences`.`sub_area_id` = 3 ORDER BY `preferences`.`id` ASC LIMIT 1[0m
  [1m[35m (0.2ms)[0m  [1m[35mBEGIN[0m
  [1m[35mSQL (0.2ms)[0m  [1m[32mINSERT INTO `preferences_users` (`user_id`, `preference_id`) VALUES (1, 3)[0m
  [1m[35m (2.2ms)[0m  [1m[35mCOMMIT[0m
  [1m[36mPreference Load (0.3ms)[0m  [1m[34mSELECT `preferences`.* FROM `preferences` INNER JOIN `preferences_users` ON `preferences`.`id` = `preferences_users`.`preference_id` WHERE `preferences_users`.`user_id` = 1[0m
  [1m[36mUser Load (0.7ms)[0m  [1m[34mSELECT  `users`.* FROM `users` WHERE `users`.`id` = 2 LIMIT 1[0m
  [1m[36mSubArea Load (0.1ms)[0m  [1m[34mSELECT  `sub_areas`.* FROM `sub_areas` ORDER BY `sub_areas`.`id` DESC LIMIT 1[0m
  [1m[36mPreference Load (0.3ms)[0m  [1m[34mSELECT  `preferences`.* FROM `preferences` WHERE `preferences`.`sub_area_id` = 3 ORDER BY `preferences`.`id` DESC LIMIT 1[0m
  [1m[35m (0.1ms)[0m  [1m[35mBEGIN[0m
  [1m[35mSQL (0.2ms)[0m  [1m[32mINSERT INTO `preferences_users` (`user_id`, `preference_id`) VALUES (2, 4)[0m
  [1m[35m (7.6ms)[0m  [1m[35mCOMMIT[0m
  [1m[36mPreference Load (0.3ms)[0m  [1m[34mSELECT `preferences`.* FROM `preferences` INNER JOIN `preferences_users` ON `preferences`.`id` = `preferences_users`.`preference_id` WHERE `preferences_users`.`user_id` = 2[0m
  [1m[36mUser Load (0.2ms)[0m  [1m[34mSELECT  `users`.* FROM `users` WHERE `users`.`id` = 1 LIMIT 1[0m
  [1m[36mUser Load (0.2ms)[0m  [1m[34mSELECT  `users`.* FROM `users` WHERE `users`.`id` = 2 LIMIT 1[0m
  [1m[35m (0.1ms)[0m  [1m[35mBEGIN[0m
  [1m[35mSQL (0.2ms)[0m  [1m[32mINSERT INTO `matches` (`first_user_id`, `first_like`, `second_user_id`, `created_at`, `updated_at`) VALUES (1, 1, 2, '2018-05-27 03:43:40', '2018-05-27 03:43:40')[0m
  [1m[35m (2.9ms)[0m  [1m[35mCOMMIT[0m
  [1m[36mMatch Load (0.3ms)[0m  [1m[34mSELECT  `matches`.* FROM `matches` ORDER BY `matches`.`id` ASC LIMIT 1[0m
  [1m[35m (0.1ms)[0m  [1m[35mSET NAMES utf8,  @@SESSION.sql_mode = CONCAT(CONCAT(@@sql_mode, ',STRICT_ALL_TABLES'), ',NO_AUTO_VALUE_ON_ZERO'),  @@SESSION.sql_auto_is_null = 0, @@SESSION.wait_timeout = 2147483[0m
  [1m[35m (0.2ms)[0m  [1m[35mSET NAMES utf8,  @@SESSION.sql_mode = CONCAT(CONCAT(@@sql_mode, ',STRICT_ALL_TABLES'), ',NO_AUTO_VALUE_ON_ZERO'),  @@SESSION.sql_auto_is_null = 0, @@SESSION.wait_timeout = 2147483[0m
  [1m[36mMatch Load (0.1ms)[0m  [1m[34mSELECT  `matches`.* FROM `matches` ORDER BY `matches`.`id` ASC LIMIT 1[0m
  [1m[36mMatch Load (0.2ms)[0m  [1m[34mSELECT  `matches`.* FROM `matches` ORDER BY `matches`.`id` ASC LIMIT 1[0m
  [1m[36mMatch Load (0.2ms)[0m  [1m[34mSELECT  `matches`.* FROM `matches` ORDER BY `matches`.`id` ASC LIMIT 1[0m
  [1m[36mMatch Load (0.2ms)[0m  [1m[34mSELECT  `matches`.* FROM `matches` ORDER BY `matches`.`id` ASC LIMIT 1[0m
  [1m[36mMatch Load (0.3ms)[0m  [1m[34mSELECT  `matches`.* FROM `matches` ORDER BY `matches`.`id` ASC LIMIT 1[0m
  [1m[35m (0.2ms)[0m  [1m[35mBEGIN[0m
  [1m[36mUser Load (0.3ms)[0m  [1m[34mSELECT  `users`.* FROM `users` WHERE `users`.`id` = 1 LIMIT 1[0m
  [1m[36mUser Load (0.3ms)[0m  [1m[34mSELECT  `users`.* FROM `users` WHERE `users`.`id` = 2 LIMIT 1[0m
  [1m[35mSQL (0.2ms)[0m  [1m[33mUPDATE `matches` SET `second_like` = 0, `updated_at` = '2018-05-27 03:47:57' WHERE `matches`.`id` = 1[0m
  [1m[35m (3.9ms)[0m  [1m[35mCOMMIT[0m
  [1m[36mMatch Load (0.5ms)[0m  [1m[34mSELECT  `matches`.* FROM `matches` ORDER BY `matches`.`id` ASC LIMIT 1[0m
  [1m[36mMatch Load (0.4ms)[0m  [1m[34mSELECT  `matches`.* FROM `matches` ORDER BY `matches`.`id` ASC LIMIT 1[0m
  [1m[35m (0.2ms)[0m  [1m[35mSET NAMES utf8,  @@SESSION.sql_mode = CONCAT(CONCAT(@@sql_mode, ',STRICT_ALL_TABLES'), ',NO_AUTO_VALUE_ON_ZERO'),  @@SESSION.sql_auto_is_null = 0, @@SESSION.wait_timeout = 2147483[0m
  [1m[35m (0.2ms)[0m  [1m[35mSET NAMES utf8,  @@SESSION.sql_mode = CONCAT(CONCAT(@@sql_mode, ',STRICT_ALL_TABLES'), ',NO_AUTO_VALUE_ON_ZERO'),  @@SESSION.sql_auto_is_null = 0, @@SESSION.wait_timeout = 2147483[0m
  [1m[36mMatch Load (0.1ms)[0m  [1m[34mSELECT  `matches`.* FROM `matches` ORDER BY `matches`.`id` ASC LIMIT 1[0m
  [1m[36mMatch Load (0.2ms)[0m  [1m[34mSELECT  `matches`.* FROM `matches` ORDER BY `matches`.`id` ASC LIMIT 1[0m
  [1m[35m (0.1ms)[0m  [1m[35mSET NAMES utf8,  @@SESSION.sql_mode = CONCAT(CONCAT(@@sql_mode, ',STRICT_ALL_TABLES'), ',NO_AUTO_VALUE_ON_ZERO'),  @@SESSION.sql_auto_is_null = 0, @@SESSION.wait_timeout = 2147483[0m
  [1m[35m (0.2ms)[0m  [1m[35mSET NAMES utf8,  @@SESSION.sql_mode = CONCAT(CONCAT(@@sql_mode, ',STRICT_ALL_TABLES'), ',NO_AUTO_VALUE_ON_ZERO'),  @@SESSION.sql_auto_is_null = 0, @@SESSION.wait_timeout = 2147483[0m
  [1m[36mMatch Load (0.1ms)[0m  [1m[34mSELECT  `matches`.* FROM `matches` ORDER BY `matches`.`id` ASC LIMIT 1[0m
  [1m[36mMatch Load (0.3ms)[0m  [1m[34mSELECT  `matches`.* FROM `matches` ORDER BY `matches`.`id` ASC LIMIT 1[0m
  [1m[36mMatch Load (0.3ms)[0m  [1m[34mSELECT  `matches`.* FROM `matches` ORDER BY `matches`.`id` ASC LIMIT 1[0m
  [1m[36mMatch Load (0.2ms)[0m  [1m[34mSELECT  `matches`.* FROM `matches` ORDER BY `matches`.`id` ASC LIMIT 1[0m
  [1m[35m (0.2ms)[0m  [1m[35mBEGIN[0m
  [1m[36mUser Load (0.1ms)[0m  [1m[34mSELECT  `users`.* FROM `users` WHERE `users`.`id` = 1 LIMIT 1[0m
  [1m[36mUser Load (0.1ms)[0m  [1m[34mSELECT  `users`.* FROM `users` WHERE `users`.`id` = 2 LIMIT 1[0m
  [1m[35mSQL (0.2ms)[0m  [1m[33mUPDATE `matches` SET `second_like` = 1, `updated_at` = '2018-05-27 03:56:15' WHERE `matches`.`id` = 1[0m
  [1m[35m (1.9ms)[0m  [1m[35mCOMMIT[0m
  [1m[36mMatch Load (0.4ms)[0m  [1m[34mSELECT  `matches`.* FROM `matches` ORDER BY `matches`.`id` ASC LIMIT 1[0m
  [1m[36mMatch Load (0.3ms)[0m  [1m[34mSELECT  `matches`.* FROM `matches` ORDER BY `matches`.`id` ASC LIMIT 1[0m
  [1m[35m (0.1ms)[0m  [1m[35mBEGIN[0m
  [1m[35mSQL (0.2ms)[0m  [1m[32mINSERT INTO `chats` (`match_id`, `created_at`, `updated_at`) VALUES (1, '2018-05-27 03:56:24', '2018-05-27 03:56:24')[0m
  [1m[35m (2.9ms)[0m  [1m[35mCOMMIT[0m
  [1m[35m (0.1ms)[0m  [1m[35mBEGIN[0m
  [1m[36mUser Load (0.1ms)[0m  [1m[34mSELECT  `users`.* FROM `users` WHERE `users`.`id` = 1 LIMIT 1[0m
  [1m[36mUser Load (0.1ms)[0m  [1m[34mSELECT  `users`.* FROM `users` WHERE `users`.`id` = 2 LIMIT 1[0m
  [1m[35mSQL (0.2ms)[0m  [1m[33mUPDATE `matches` SET `chat_id` = 1, `updated_at` = '2018-05-27 03:56:24' WHERE `matches`.`id` = 1[0m
  [1m[35m (2.8ms)[0m  [1m[35mCOMMIT[0m
  [1m[36mMatch Load (0.3ms)[0m  [1m[34mSELECT  `matches`.* FROM `matches` ORDER BY `matches`.`id` ASC LIMIT 1[0m
  [1m[36mChat Load (0.3ms)[0m  [1m[34mSELECT  `chats`.* FROM `chats` WHERE `chats`.`id` = 1 LIMIT 1[0m
  [1m[36mMatch Load (0.3ms)[0m  [1m[34mSELECT  `matches`.* FROM `matches` ORDER BY `matches`.`id` ASC LIMIT 1[0m
  [1m[36mChat Load (0.1ms)[0m  [1m[34mSELECT  `chats`.* FROM `chats` WHERE `chats`.`id` = 1 LIMIT 1[0m
  [1m[36mMessage Load (0.2ms)[0m  [1m[34mSELECT `messages`.* FROM `messages` WHERE `messages`.`chat_id` = 1[0m
  [1m[36mChat Load (0.6ms)[0m  [1m[34mSELECT  `chats`.* FROM `chats` ORDER BY `chats`.`id` ASC LIMIT 1[0m
  [1m[36mUser Load (0.7ms)[0m  [1m[34mSELECT  `users`.* FROM `users` ORDER BY `users`.`id` ASC LIMIT 1[0m
  [1m[35m (0.2ms)[0m  [1m[35mBEGIN[0m
  [1m[35mSQL (0.2ms)[0m  [1m[32mINSERT INTO `messages` (`chat_id`, `user_id`, `content`, `created_at`, `updated_at`) VALUES (1, 1, 'oiiiiiiii', '2018-05-27 03:57:27', '2018-05-27 03:57:27')[0m
  [1m[35m (2.2ms)[0m  [1m[35mCOMMIT[0m
  [1m[36mMatch Load (0.2ms)[0m  [1m[34mSELECT  `matches`.* FROM `matches` ORDER BY `matches`.`id` ASC LIMIT 1[0m
  [1m[36mChat Load (0.1ms)[0m  [1m[34mSELECT  `chats`.* FROM `chats` WHERE `chats`.`id` = 1 LIMIT 1[0m
  [1m[36mMessage Load (0.3ms)[0m  [1m[34mSELECT `messages`.* FROM `messages` WHERE `messages`.`chat_id` = 1[0m
  [1m[36mMatch Load (0.4ms)[0m  [1m[34mSELECT  `matches`.* FROM `matches` ORDER BY `matches`.`id` ASC LIMIT 1[0m
  [1m[36mChat Load (0.2ms)[0m  [1m[34mSELECT  `chats`.* FROM `chats` WHERE `chats`.`id` = 1 LIMIT 1[0m
  [1m[36mMessage Load (0.3ms)[0m  [1m[34mSELECT  `messages`.* FROM `messages` WHERE `messages`.`chat_id` = 1 ORDER BY `messages`.`id` ASC LIMIT 1[0m
  [1m[36mUser Load (0.2ms)[0m  [1m[34mSELECT  `users`.* FROM `users` WHERE `users`.`id` = 1 LIMIT 1[0m
  [1m[36mMatch Load (0.2ms)[0m  [1m[34mSELECT  `matches`.* FROM `matches` ORDER BY `matches`.`id` ASC LIMIT 1[0m
  [1m[36mChat Load (0.2ms)[0m  [1m[34mSELECT  `chats`.* FROM `chats` WHERE `chats`.`id` = 1 LIMIT 1[0m
  [1m[36mMessage Load (0.2ms)[0m  [1m[34mSELECT  `messages`.* FROM `messages` WHERE `messages`.`chat_id` = 1 ORDER BY `messages`.`id` ASC LIMIT 1[0m
  [1m[36mUser Load (0.2ms)[0m  [1m[34mSELECT  `users`.* FROM `users` WHERE `users`.`id` = 1 LIMIT 1[0m
  [1m[36mPreference Load (0.3ms)[0m  [1m[34mSELECT `preferences`.* FROM `preferences` INNER JOIN `preferences_users` ON `preferences`.`id` = `preferences_users`.`preference_id` WHERE `preferences_users`.`user_id` = 1[0m
